<?xml version="1.0" encoding="UTF-8"?>
<coverage generated="1618010373531" clover="3.2.0">
  <project timestamp="1618010373531" name="All files">
    <metrics statements="196" coveredstatements="192" conditionals="144" coveredconditionals="121" methods="82" coveredmethods="78" elements="422" coveredelements="391" complexity="0" loc="196" ncloc="196" packages="5" files="14" classes="14"/>
    <package name="src">
      <metrics statements="22" coveredstatements="22" conditionals="0" coveredconditionals="0" methods="11" coveredmethods="10"/>
      <file name="index.ts" path="/home/felipe/Github/rogan-ui/src/index.ts">
        <metrics statements="22" coveredstatements="22" conditionals="0" coveredconditionals="0" methods="11" coveredmethods="10"/>
        <line num="1" count="10" type="stmt"/>
        <line num="3" count="10" type="stmt"/>
        <line num="4" count="10" type="stmt"/>
        <line num="5" count="10" type="stmt"/>
        <line num="6" count="10" type="stmt"/>
        <line num="7" count="10" type="stmt"/>
        <line num="8" count="10" type="stmt"/>
        <line num="9" count="10" type="stmt"/>
        <line num="10" count="10" type="stmt"/>
        <line num="11" count="10" type="stmt"/>
        <line num="12" count="10" type="stmt"/>
        <line num="15" count="11" type="stmt"/>
        <line num="16" count="11" type="stmt"/>
        <line num="17" count="11" type="stmt"/>
        <line num="18" count="11" type="stmt"/>
        <line num="19" count="23" type="stmt"/>
        <line num="20" count="12" type="stmt"/>
        <line num="21" count="12" type="stmt"/>
        <line num="22" count="13" type="stmt"/>
        <line num="23" count="12" type="stmt"/>
        <line num="24" count="13" type="stmt"/>
        <line num="25" count="10" type="stmt"/>
      </file>
    </package>
    <package name="src.components.Atoms">
      <metrics statements="112" coveredstatements="112" conditionals="124" coveredconditionals="110" methods="57" coveredmethods="57"/>
      <file name="Button.tsx" path="/home/felipe/Github/rogan-ui/src/components/Atoms/Button.tsx">
        <metrics statements="9" coveredstatements="9" conditionals="10" coveredconditionals="10" methods="5" coveredmethods="5"/>
        <line num="1" count="10" type="stmt"/>
        <line num="2" count="10" type="stmt"/>
        <line num="3" count="10" type="stmt"/>
        <line num="5" count="10" type="cond" truecount="2" falsecount="0"/>
        <line num="11" count="2" type="cond" truecount="2" falsecount="0"/>
        <line num="12" count="2" type="cond" truecount="2" falsecount="0"/>
        <line num="13" count="2" type="cond" truecount="2" falsecount="0"/>
        <line num="14" count="2" type="cond" truecount="2" falsecount="0"/>
        <line num="24" count="10" type="stmt"/>
      </file>
      <file name="Container.tsx" path="/home/felipe/Github/rogan-ui/src/components/Atoms/Container.tsx">
        <metrics statements="45" coveredstatements="45" conditionals="42" coveredconditionals="36" methods="21" coveredmethods="21"/>
        <line num="1" count="10" type="stmt"/>
        <line num="2" count="10" type="stmt"/>
        <line num="3" count="10" type="stmt"/>
        <line num="4" count="10" type="stmt"/>
        <line num="27" count="10" type="cond" truecount="2" falsecount="0"/>
        <line num="28" count="17" type="cond" truecount="2" falsecount="0"/>
        <line num="29" count="17" type="cond" truecount="2" falsecount="0"/>
        <line num="30" count="17" type="cond" truecount="2" falsecount="0"/>
        <line num="31" count="17" type="cond" truecount="2" falsecount="0"/>
        <line num="32" count="17" type="cond" truecount="2" falsecount="0"/>
        <line num="33" count="17" type="cond" truecount="2" falsecount="0"/>
        <line num="34" count="17" type="cond" truecount="2" falsecount="0"/>
        <line num="35" count="17" type="cond" truecount="2" falsecount="0"/>
        <line num="36" count="17" type="cond" truecount="2" falsecount="0"/>
        <line num="37" count="17" type="cond" truecount="2" falsecount="0"/>
        <line num="38" count="17" type="cond" truecount="2" falsecount="0"/>
        <line num="39" count="17" type="cond" truecount="1" falsecount="1"/>
        <line num="40" count="17" type="cond" truecount="2" falsecount="0"/>
        <line num="41" count="17" type="cond" truecount="1" falsecount="1"/>
        <line num="42" count="17" type="cond" truecount="1" falsecount="1"/>
        <line num="43" count="17" type="cond" truecount="2" falsecount="0"/>
        <line num="44" count="17" type="cond" truecount="2" falsecount="0"/>
        <line num="45" count="17" type="cond" truecount="1" falsecount="1"/>
        <line num="46" count="17" type="cond" truecount="1" falsecount="1"/>
        <line num="48" count="17" type="cond" truecount="1" falsecount="1"/>
        <line num="52" count="10" type="stmt"/>
        <line num="53" count="17" type="stmt"/>
        <line num="54" count="17" type="stmt"/>
        <line num="55" count="17" type="stmt"/>
        <line num="56" count="17" type="stmt"/>
        <line num="57" count="17" type="stmt"/>
        <line num="58" count="17" type="stmt"/>
        <line num="59" count="17" type="stmt"/>
        <line num="60" count="17" type="stmt"/>
        <line num="61" count="17" type="stmt"/>
        <line num="62" count="17" type="stmt"/>
        <line num="63" count="17" type="stmt"/>
        <line num="64" count="17" type="stmt"/>
        <line num="65" count="17" type="stmt"/>
        <line num="66" count="17" type="stmt"/>
        <line num="67" count="17" type="stmt"/>
        <line num="68" count="17" type="stmt"/>
        <line num="69" count="17" type="stmt"/>
        <line num="70" count="17" type="stmt"/>
        <line num="71" count="17" type="stmt"/>
      </file>
      <file name="Copy.tsx" path="/home/felipe/Github/rogan-ui/src/components/Atoms/Copy.tsx">
        <metrics statements="12" coveredstatements="12" conditionals="16" coveredconditionals="14" methods="8" coveredmethods="8"/>
        <line num="1" count="10" type="stmt"/>
        <line num="2" count="10" type="stmt"/>
        <line num="3" count="10" type="stmt"/>
        <line num="16" count="10" type="cond" truecount="2" falsecount="0"/>
        <line num="17" count="3" type="cond" truecount="2" falsecount="0"/>
        <line num="18" count="3" type="cond" truecount="2" falsecount="0"/>
        <line num="19" count="3" type="cond" truecount="2" falsecount="0"/>
        <line num="20" count="3" type="cond" truecount="2" falsecount="0"/>
        <line num="21" count="3" type="cond" truecount="2" falsecount="0"/>
        <line num="22" count="3" type="cond" truecount="1" falsecount="1"/>
        <line num="23" count="3" type="cond" truecount="1" falsecount="1"/>
        <line num="26" count="10" type="stmt"/>
      </file>
      <file name="Grid.tsx" path="/home/felipe/Github/rogan-ui/src/components/Atoms/Grid.tsx">
        <metrics statements="18" coveredstatements="18" conditionals="26" coveredconditionals="22" methods="8" coveredmethods="8"/>
        <line num="1" count="10" type="stmt"/>
        <line num="2" count="10" type="stmt"/>
        <line num="3" count="10" type="stmt"/>
        <line num="5" count="10" type="cond" truecount="2" falsecount="0"/>
        <line num="7" count="3" type="cond" truecount="2" falsecount="0"/>
        <line num="10" count="10" type="cond" truecount="2" falsecount="0"/>
        <line num="12" count="8" type="cond" truecount="2" falsecount="0"/>
        <line num="13" count="8" type="cond" truecount="1" falsecount="1"/>
        <line num="17" count="8" type="cond" truecount="2" falsecount="0"/>
        <line num="18" count="8" type="cond" truecount="2" falsecount="0"/>
        <line num="22" count="10" type="stmt"/>
        <line num="23" count="14" type="stmt"/>
        <line num="35" count="10" type="stmt"/>
        <line num="36" count="4" type="cond" truecount="2" falsecount="0"/>
        <line num="37" count="3" type="stmt"/>
        <line num="40" count="8" type="cond" truecount="3" falsecount="1"/>
        <line num="41" count="8" type="cond" truecount="3" falsecount="1"/>
        <line num="42" count="8" type="stmt"/>
      </file>
      <file name="Header.tsx" path="/home/felipe/Github/rogan-ui/src/components/Atoms/Header.tsx">
        <metrics statements="17" coveredstatements="17" conditionals="20" coveredconditionals="18" methods="10" coveredmethods="10"/>
        <line num="1" count="10" type="stmt"/>
        <line num="2" count="10" type="stmt"/>
        <line num="3" count="10" type="stmt"/>
        <line num="4" count="10" type="stmt"/>
        <line num="18" count="10" type="cond" truecount="2" falsecount="0"/>
        <line num="20" count="4" type="cond" truecount="2" falsecount="0"/>
        <line num="21" count="4" type="cond" truecount="2" falsecount="0"/>
        <line num="22" count="4" type="cond" truecount="2" falsecount="0"/>
        <line num="23" count="4" type="cond" truecount="2" falsecount="0"/>
        <line num="24" count="4" type="cond" truecount="2" falsecount="0"/>
        <line num="25" count="4" type="cond" truecount="1" falsecount="1"/>
        <line num="26" count="4" type="cond" truecount="1" falsecount="1"/>
        <line num="29" count="4" type="cond" truecount="2" falsecount="0"/>
        <line num="33" count="10" type="stmt"/>
        <line num="34" count="4" type="stmt"/>
        <line num="43" count="10" type="stmt"/>
        <line num="44" count="4" type="stmt"/>
      </file>
      <file name="Spacer.tsx" path="/home/felipe/Github/rogan-ui/src/components/Atoms/Spacer.tsx">
        <metrics statements="5" coveredstatements="5" conditionals="4" coveredconditionals="4" methods="2" coveredmethods="2"/>
        <line num="1" count="10" type="stmt"/>
        <line num="2" count="10" type="stmt"/>
        <line num="8" count="10" type="cond" truecount="2" falsecount="0"/>
        <line num="9" count="2" type="cond" truecount="2" falsecount="0"/>
        <line num="12" count="10" type="stmt"/>
      </file>
      <file name="UIImage.tsx" path="/home/felipe/Github/rogan-ui/src/components/Atoms/UIImage.tsx">
        <metrics statements="6" coveredstatements="6" conditionals="6" coveredconditionals="6" methods="3" coveredmethods="3"/>
        <line num="1" count="10" type="stmt"/>
        <line num="2" count="10" type="stmt"/>
        <line num="10" count="10" type="cond" truecount="2" falsecount="0"/>
        <line num="11" count="2" type="cond" truecount="2" falsecount="0"/>
        <line num="12" count="2" type="cond" truecount="2" falsecount="0"/>
        <line num="15" count="10" type="stmt"/>
      </file>
    </package>
    <package name="src.components.Molecules">
      <metrics statements="13" coveredstatements="13" conditionals="6" coveredconditionals="4" methods="3" coveredmethods="3"/>
      <file name="AVConcertCard.tsx" path="/home/felipe/Github/rogan-ui/src/components/Molecules/AVConcertCard.tsx">
        <metrics statements="7" coveredstatements="7" conditionals="2" coveredconditionals="1" methods="1" coveredmethods="1"/>
        <line num="1" count="10" type="stmt"/>
        <line num="2" count="10" type="stmt"/>
        <line num="3" count="10" type="stmt"/>
        <line num="4" count="10" type="stmt"/>
        <line num="5" count="10" type="stmt"/>
        <line num="6" count="10" type="stmt"/>
        <line num="16" count="10" type="stmt"/>
      </file>
      <file name="GridContainer.tsx" path="/home/felipe/Github/rogan-ui/src/components/Molecules/GridContainer.tsx">
        <metrics statements="6" coveredstatements="6" conditionals="4" coveredconditionals="3" methods="2" coveredmethods="2"/>
        <line num="1" count="10" type="stmt"/>
        <line num="2" count="10" type="stmt"/>
        <line num="3" count="10" type="stmt"/>
        <line num="15" count="10" type="cond" truecount="2" falsecount="0"/>
        <line num="16" count="3" type="cond" truecount="1" falsecount="1"/>
        <line num="19" count="10" type="stmt"/>
      </file>
    </package>
    <package name="src.components.Organisms">
      <metrics statements="31" coveredstatements="28" conditionals="14" coveredconditionals="7" methods="4" coveredmethods="2"/>
      <file name="TwoColumnLayout.tsx" path="/home/felipe/Github/rogan-ui/src/components/Organisms/TwoColumnLayout.tsx">
        <metrics statements="31" coveredstatements="28" conditionals="14" coveredconditionals="7" methods="4" coveredmethods="2"/>
        <line num="1" count="10" type="stmt"/>
        <line num="2" count="10" type="stmt"/>
        <line num="3" count="10" type="stmt"/>
        <line num="4" count="10" type="stmt"/>
        <line num="5" count="10" type="stmt"/>
        <line num="6" count="10" type="stmt"/>
        <line num="25" count="10" type="cond" truecount="2" falsecount="0"/>
        <line num="26" count="0" type="cond" truecount="0" falsecount="2"/>
        <line num="29" count="0" type="cond" truecount="0" falsecount="2"/>
        <line num="33" count="10" type="cond" truecount="2" falsecount="0"/>
        <line num="35" count="10" type="stmt"/>
        <line num="36" count="1" type="stmt"/>
        <line num="37" count="1" type="stmt"/>
        <line num="38" count="1" type="stmt"/>
        <line num="39" count="1" type="stmt"/>
        <line num="40" count="1" type="stmt"/>
        <line num="41" count="1" type="stmt"/>
        <line num="42" count="1" type="stmt"/>
        <line num="43" count="1" type="stmt"/>
        <line num="44" count="1" type="stmt"/>
        <line num="45" count="1" type="stmt"/>
        <line num="46" count="1" type="stmt"/>
        <line num="47" count="1" type="stmt"/>
        <line num="48" count="1" type="stmt"/>
        <line num="49" count="1" type="stmt"/>
        <line num="51" count="1" type="stmt"/>
        <line num="52" count="1" type="stmt"/>
        <line num="53" count="1" type="cond" truecount="1" falsecount="1"/>
        <line num="54" count="0" type="stmt"/>
        <line num="56" count="1" type="stmt"/>
        <line num="60" count="1" type="stmt"/>
      </file>
    </package>
    <package name="src.components.utils">
      <metrics statements="18" coveredstatements="17" conditionals="0" coveredconditionals="0" methods="7" coveredmethods="6"/>
      <file name="getFontSize.ts" path="/home/felipe/Github/rogan-ui/src/components/utils/getFontSize.ts">
        <metrics statements="1" coveredstatements="1" conditionals="0" coveredconditionals="0" methods="1" coveredmethods="1"/>
        <line num="1" count="10" type="stmt"/>
      </file>
      <file name="mediaSizes.ts" path="/home/felipe/Github/rogan-ui/src/components/utils/mediaSizes.ts">
        <metrics statements="6" coveredstatements="6" conditionals="0" coveredconditionals="0" methods="1" coveredmethods="1"/>
        <line num="1" count="10" type="stmt"/>
        <line num="3" count="10" type="stmt"/>
        <line num="13" count="10" type="stmt"/>
        <line num="24" count="10" type="stmt"/>
        <line num="25" count="1" type="stmt"/>
        <line num="26" count="1" type="stmt"/>
      </file>
      <file name="useWindowDimensions.ts" path="/home/felipe/Github/rogan-ui/src/components/utils/useWindowDimensions.ts">
        <metrics statements="11" coveredstatements="10" conditionals="0" coveredconditionals="0" methods="5" coveredmethods="4"/>
        <line num="1" count="10" type="stmt"/>
        <line num="3" count="10" type="stmt"/>
        <line num="4" count="2" type="stmt"/>
        <line num="5" count="1" type="stmt"/>
        <line num="11" count="10" type="stmt"/>
        <line num="12" count="1" type="stmt"/>
        <line num="16" count="1" type="stmt"/>
        <line num="18" count="0" type="stmt"/>
        <line num="21" count="1" type="stmt"/>
        <line num="22" count="1" type="stmt"/>
        <line num="25" count="1" type="stmt"/>
      </file>
    </package>
  </project>
</coverage>
