{"/home/felipe/Github/rogan-ui/src/index.ts": {"path":"/home/felipe/Github/rogan-ui/src/index.ts","statementMap":{"0":{"start":{"line":1,"column":0},"end":{"line":1,"column":9}},"1":{"start":{"line":23,"column":4},"end":{"line":1,"column":51}},"2":{"start":{"line":3,"column":0},"end":{"line":3,"column":9}},"3":{"start":{"line":15,"column":0},"end":{"line":3,"column":53}},"4":{"start":{"line":4,"column":0},"end":{"line":4,"column":9}},"5":{"start":{"line":16,"column":0},"end":{"line":4,"column":69}},"6":{"start":{"line":5,"column":0},"end":{"line":5,"column":9}},"7":{"start":{"line":17,"column":4},"end":{"line":5,"column":73}},"8":{"start":{"line":6,"column":0},"end":{"line":6,"column":9}},"9":{"start":{"line":18,"column":4},"end":{"line":6,"column":69}},"10":{"start":{"line":7,"column":0},"end":{"line":7,"column":9}},"11":{"start":{"line":19,"column":4},"end":{"line":7,"column":57}},"12":{"start":{"line":8,"column":0},"end":{"line":8,"column":9}},"13":{"start":{"line":20,"column":4},"end":{"line":8,"column":51}},"14":{"start":{"line":9,"column":0},"end":{"line":9,"column":9}},"15":{"start":{"line":21,"column":4},"end":{"line":9,"column":47}},"16":{"start":{"line":10,"column":0},"end":{"line":10,"column":9}},"17":{"start":{"line":22,"column":4},"end":{"line":10,"column":53}},"18":{"start":{"line":11,"column":0},"end":{"line":11,"column":9}},"19":{"start":{"line":24,"column":4},"end":{"line":11,"column":47}},"20":{"start":{"line":12,"column":0},"end":{"line":12,"column":8}},"21":{"start":{"line":25,"column":4},"end":{"line":12,"column":55}}},"fnMap":{"0":{"name":"(anonymous_0)","decl":{"start":{"line":23,"column":4},"end":{"line":23,"column":10}},"loc":{"start":{"line":23,"column":4},"end":{"line":1,"column":51}}},"1":{"name":"(anonymous_1)","decl":{"start":{"line":15,"column":0},"end":{"line":15,"column":7}},"loc":{"start":{"line":15,"column":0},"end":{"line":3,"column":53}}},"2":{"name":"(anonymous_2)","decl":{"start":{"line":16,"column":0},"end":{"line":16,"column":13}},"loc":{"start":{"line":16,"column":0},"end":{"line":4,"column":69}}},"3":{"name":"(anonymous_3)","decl":{"start":{"line":17,"column":4},"end":{"line":17,"column":19}},"loc":{"start":{"line":17,"column":4},"end":{"line":5,"column":73}}},"4":{"name":"(anonymous_4)","decl":{"start":{"line":18,"column":4},"end":{"line":18,"column":17}},"loc":{"start":{"line":18,"column":4},"end":{"line":6,"column":69}}},"5":{"name":"(anonymous_5)","decl":{"start":{"line":19,"column":4},"end":{"line":19,"column":13}},"loc":{"start":{"line":19,"column":4},"end":{"line":7,"column":57}}},"6":{"name":"(anonymous_6)","decl":{"start":{"line":20,"column":4},"end":{"line":20,"column":10}},"loc":{"start":{"line":20,"column":4},"end":{"line":8,"column":51}}},"7":{"name":"(anonymous_7)","decl":{"start":{"line":21,"column":4},"end":{"line":21,"column":8}},"loc":{"start":{"line":21,"column":4},"end":{"line":9,"column":47}}},"8":{"name":"(anonymous_8)","decl":{"start":{"line":22,"column":4},"end":{"line":22,"column":12}},"loc":{"start":{"line":22,"column":4},"end":{"line":10,"column":53}}},"9":{"name":"(anonymous_9)","decl":{"start":{"line":24,"column":4},"end":{"line":24,"column":8}},"loc":{"start":{"line":24,"column":4},"end":{"line":11,"column":47}}},"10":{"name":"(anonymous_10)","decl":{"start":{"line":25,"column":4},"end":{"line":25,"column":12}},"loc":{"start":{"line":25,"column":4},"end":{"line":12,"column":55}}}},"branchMap":{},"s":{"0":10,"1":12,"2":10,"3":11,"4":10,"5":11,"6":10,"7":11,"8":10,"9":11,"10":10,"11":23,"12":10,"13":12,"14":10,"15":12,"16":10,"17":13,"18":10,"19":13,"20":10,"21":10},"f":{"0":2,"1":1,"2":1,"3":1,"4":1,"5":13,"6":2,"7":2,"8":3,"9":3,"10":0},"b":{}}
,"/home/felipe/Github/rogan-ui/src/components/Atoms/Button.tsx": {"path":"/home/felipe/Github/rogan-ui/src/components/Atoms/Button.tsx","statementMap":{"0":{"start":{"line":1,"column":0},"end":{"line":1,"column":26}},"1":{"start":{"line":2,"column":0},"end":{"line":2,"column":39}},"2":{"start":{"line":3,"column":0},"end":{"line":3,"column":46}},"3":{"start":{"line":5,"column":21},"end":{"line":14,"column":null}},"4":{"start":{"line":11,"column":19},"end":{"line":11,"column":21}},"5":{"start":{"line":11,"column":26},"end":{"line":11,"column":null}},"6":{"start":{"line":12,"column":17},"end":{"line":12,"column":19}},"7":{"start":{"line":12,"column":24},"end":{"line":12,"column":null}},"8":{"start":{"line":13,"column":15},"end":{"line":13,"column":17}},"9":{"start":{"line":13,"column":22},"end":{"line":13,"column":null}},"10":{"start":{"line":14,"column":14},"end":{"line":14,"column":16}},"11":{"start":{"line":14,"column":21},"end":{"line":14,"column":null}},"12":{"start":{"line":24,"column":13},"end":{"line":35,"column":2}},"13":{"start":{"line":24,"column":29},"end":{"line":24,"column":31}},"14":{"start":{"line":24,"column":43},"end":{"line":24,"column":45}},"15":{"start":{"line":24,"column":55},"end":{"line":24,"column":57}},"16":{"start":{"line":24,"column":65},"end":{"line":24,"column":67}},"17":{"start":{"line":24,"column":74},"end":{"line":24,"column":85}},"18":{"start":{"line":24,"column":90},"end":{"line":35,"column":2}}},"fnMap":{"0":{"name":"(anonymous_2)","decl":{"start":{"line":11,"column":4},"end":{"line":11,"column":5}},"loc":{"start":{"line":11,"column":21},"end":{"line":11,"column":38}}},"1":{"name":"(anonymous_3)","decl":{"start":{"line":12,"column":4},"end":{"line":12,"column":5}},"loc":{"start":{"line":12,"column":19},"end":{"line":12,"column":34}}},"2":{"name":"(anonymous_4)","decl":{"start":{"line":13,"column":4},"end":{"line":13,"column":5}},"loc":{"start":{"line":13,"column":17},"end":{"line":13,"column":30}}},"3":{"name":"(anonymous_5)","decl":{"start":{"line":14,"column":4},"end":{"line":14,"column":5}},"loc":{"start":{"line":14,"column":16},"end":{"line":14,"column":28}}},"4":{"name":"(anonymous_6)","decl":{"start":{"line":24,"column":22},"end":{"line":24,"column":23}},"loc":{"start":{"line":24,"column":85},"end":{"line":24,"column":null}}}},"branchMap":{"0":{"loc":{"start":{"line":5,"column":34},"end":{"line":5,"column":43}},"type":"binary-expr","locations":[{"start":{"line":5,"column":34},"end":{"line":5,"column":43}},{"start":{"line":5,"column":34},"end":{"line":15,"column":2}}]},"1":{"loc":{"start":{"line":11,"column":26},"end":{"line":11,"column":38}},"type":"binary-expr","locations":[{"start":{"line":11,"column":26},"end":{"line":11,"column":38}},{"start":{"line":11,"column":42},"end":{"line":11,"column":77}}]},"2":{"loc":{"start":{"line":12,"column":24},"end":{"line":12,"column":34}},"type":"binary-expr","locations":[{"start":{"line":12,"column":24},"end":{"line":12,"column":34}},{"start":{"line":12,"column":38},"end":{"line":12,"column":66}}]},"3":{"loc":{"start":{"line":13,"column":22},"end":{"line":13,"column":30}},"type":"binary-expr","locations":[{"start":{"line":13,"column":22},"end":{"line":13,"column":30}},{"start":{"line":13,"column":34},"end":{"line":13,"column":67}}]},"4":{"loc":{"start":{"line":14,"column":21},"end":{"line":14,"column":28}},"type":"binary-expr","locations":[{"start":{"line":14,"column":21},"end":{"line":14,"column":28}},{"start":{"line":14,"column":32},"end":{"line":14,"column":54}}]}},"s":{"0":10,"1":10,"2":10,"3":10,"4":2,"5":2,"6":2,"7":2,"8":2,"9":2,"10":2,"11":2,"12":10,"13":2,"14":2,"15":2,"16":2,"17":2,"18":2},"f":{"0":2,"1":2,"2":2,"3":2,"4":2},"b":{"0":[10,10],"1":[2,1],"2":[2,1],"3":[2,1],"4":[2,1]}}
,"/home/felipe/Github/rogan-ui/src/components/Atoms/Container.tsx": {"path":"/home/felipe/Github/rogan-ui/src/components/Atoms/Container.tsx","statementMap":{"0":{"start":{"line":1,"column":0},"end":{"line":1,"column":41}},"1":{"start":{"line":2,"column":0},"end":{"line":2,"column":39}},"2":{"start":{"line":3,"column":0},"end":{"line":3,"column":46}},"3":{"start":{"line":4,"column":0},"end":{"line":4,"column":45}},"4":{"start":{"line":27,"column":24},"end":{"line":48,"column":null}},"5":{"start":{"line":28,"column":14},"end":{"line":28,"column":16}},"6":{"start":{"line":28,"column":21},"end":{"line":28,"column":null}},"7":{"start":{"line":29,"column":18},"end":{"line":29,"column":20}},"8":{"start":{"line":29,"column":25},"end":{"line":29,"column":null}},"9":{"start":{"line":30,"column":19},"end":{"line":30,"column":21}},"10":{"start":{"line":30,"column":26},"end":{"line":30,"column":null}},"11":{"start":{"line":31,"column":22},"end":{"line":31,"column":24}},"12":{"start":{"line":31,"column":29},"end":{"line":31,"column":null}},"13":{"start":{"line":32,"column":12},"end":{"line":32,"column":14}},"14":{"start":{"line":32,"column":19},"end":{"line":32,"column":null}},"15":{"start":{"line":33,"column":12},"end":{"line":33,"column":14}},"16":{"start":{"line":33,"column":19},"end":{"line":33,"column":null}},"17":{"start":{"line":34,"column":13},"end":{"line":34,"column":15}},"18":{"start":{"line":34,"column":20},"end":{"line":34,"column":null}},"19":{"start":{"line":35,"column":16},"end":{"line":35,"column":18}},"20":{"start":{"line":35,"column":23},"end":{"line":35,"column":null}},"21":{"start":{"line":36,"column":17},"end":{"line":36,"column":19}},"22":{"start":{"line":36,"column":24},"end":{"line":36,"column":null}},"23":{"start":{"line":37,"column":13},"end":{"line":37,"column":15}},"24":{"start":{"line":37,"column":20},"end":{"line":37,"column":null}},"25":{"start":{"line":38,"column":23},"end":{"line":38,"column":25}},"26":{"start":{"line":38,"column":30},"end":{"line":38,"column":null}},"27":{"start":{"line":39,"column":21},"end":{"line":39,"column":23}},"28":{"start":{"line":39,"column":28},"end":{"line":39,"column":null}},"29":{"start":{"line":40,"column":13},"end":{"line":40,"column":15}},"30":{"start":{"line":40,"column":20},"end":{"line":40,"column":null}},"31":{"start":{"line":41,"column":13},"end":{"line":41,"column":15}},"32":{"start":{"line":41,"column":20},"end":{"line":41,"column":null}},"33":{"start":{"line":42,"column":13},"end":{"line":42,"column":15}},"34":{"start":{"line":42,"column":20},"end":{"line":42,"column":null}},"35":{"start":{"line":43,"column":19},"end":{"line":43,"column":21}},"36":{"start":{"line":43,"column":26},"end":{"line":43,"column":null}},"37":{"start":{"line":44,"column":18},"end":{"line":44,"column":20}},"38":{"start":{"line":44,"column":25},"end":{"line":44,"column":null}},"39":{"start":{"line":45,"column":29},"end":{"line":45,"column":31}},"40":{"start":{"line":45,"column":36},"end":{"line":45,"column":null}},"41":{"start":{"line":46,"column":16},"end":{"line":46,"column":18}},"42":{"start":{"line":46,"column":23},"end":{"line":46,"column":null}},"43":{"start":{"line":48,"column":31},"end":{"line":48,"column":33}},"44":{"start":{"line":48,"column":38},"end":{"line":48,"column":null}},"45":{"start":{"line":52,"column":13},"end":{"line":94,"column":2}},"46":{"start":{"line":53,"column":9},"end":{"line":53,"column":null}},"47":{"start":{"line":54,"column":13},"end":{"line":54,"column":null}},"48":{"start":{"line":55,"column":14},"end":{"line":55,"column":null}},"49":{"start":{"line":56,"column":10},"end":{"line":56,"column":null}},"50":{"start":{"line":57,"column":17},"end":{"line":57,"column":null}},"51":{"start":{"line":58,"column":7},"end":{"line":58,"column":null}},"52":{"start":{"line":59,"column":7},"end":{"line":59,"column":null}},"53":{"start":{"line":60,"column":8},"end":{"line":60,"column":null}},"54":{"start":{"line":61,"column":11},"end":{"line":61,"column":null}},"55":{"start":{"line":62,"column":12},"end":{"line":62,"column":null}},"56":{"start":{"line":63,"column":8},"end":{"line":63,"column":null}},"57":{"start":{"line":64,"column":18},"end":{"line":64,"column":null}},"58":{"start":{"line":65,"column":16},"end":{"line":65,"column":null}},"59":{"start":{"line":66,"column":14},"end":{"line":66,"column":null}},"60":{"start":{"line":67,"column":8},"end":{"line":67,"column":null}},"61":{"start":{"line":68,"column":13},"end":{"line":68,"column":null}},"62":{"start":{"line":69,"column":24},"end":{"line":69,"column":null}},"63":{"start":{"line":70,"column":11},"end":{"line":70,"column":null}},"64":{"start":{"line":71,"column":18},"end":{"line":94,"column":2}}},"fnMap":{"0":{"name":"(anonymous_2)","decl":{"start":{"line":28,"column":4},"end":{"line":28,"column":5}},"loc":{"start":{"line":28,"column":16},"end":{"line":28,"column":28}}},"1":{"name":"(anonymous_3)","decl":{"start":{"line":29,"column":4},"end":{"line":29,"column":5}},"loc":{"start":{"line":29,"column":20},"end":{"line":29,"column":36}}},"2":{"name":"(anonymous_4)","decl":{"start":{"line":30,"column":4},"end":{"line":30,"column":5}},"loc":{"start":{"line":30,"column":21},"end":{"line":30,"column":38}}},"3":{"name":"(anonymous_5)","decl":{"start":{"line":31,"column":4},"end":{"line":31,"column":5}},"loc":{"start":{"line":31,"column":24},"end":{"line":31,"column":44}}},"4":{"name":"(anonymous_6)","decl":{"start":{"line":32,"column":4},"end":{"line":32,"column":5}},"loc":{"start":{"line":32,"column":14},"end":{"line":32,"column":24}}},"5":{"name":"(anonymous_7)","decl":{"start":{"line":33,"column":4},"end":{"line":33,"column":5}},"loc":{"start":{"line":33,"column":14},"end":{"line":33,"column":24}}},"6":{"name":"(anonymous_8)","decl":{"start":{"line":34,"column":4},"end":{"line":34,"column":5}},"loc":{"start":{"line":34,"column":15},"end":{"line":34,"column":26}}},"7":{"name":"(anonymous_9)","decl":{"start":{"line":35,"column":4},"end":{"line":35,"column":5}},"loc":{"start":{"line":35,"column":18},"end":{"line":35,"column":32}}},"8":{"name":"(anonymous_10)","decl":{"start":{"line":36,"column":4},"end":{"line":36,"column":5}},"loc":{"start":{"line":36,"column":19},"end":{"line":36,"column":34}}},"9":{"name":"(anonymous_11)","decl":{"start":{"line":37,"column":4},"end":{"line":37,"column":5}},"loc":{"start":{"line":37,"column":15},"end":{"line":37,"column":26}}},"10":{"name":"(anonymous_12)","decl":{"start":{"line":38,"column":4},"end":{"line":38,"column":5}},"loc":{"start":{"line":38,"column":25},"end":{"line":38,"column":46}}},"11":{"name":"(anonymous_13)","decl":{"start":{"line":39,"column":4},"end":{"line":39,"column":5}},"loc":{"start":{"line":39,"column":23},"end":{"line":39,"column":42}}},"12":{"name":"(anonymous_14)","decl":{"start":{"line":40,"column":4},"end":{"line":40,"column":5}},"loc":{"start":{"line":40,"column":15},"end":{"line":40,"column":26}}},"13":{"name":"(anonymous_15)","decl":{"start":{"line":41,"column":4},"end":{"line":41,"column":5}},"loc":{"start":{"line":41,"column":15},"end":{"line":41,"column":26}}},"14":{"name":"(anonymous_16)","decl":{"start":{"line":42,"column":4},"end":{"line":42,"column":5}},"loc":{"start":{"line":42,"column":15},"end":{"line":42,"column":26}}},"15":{"name":"(anonymous_17)","decl":{"start":{"line":43,"column":4},"end":{"line":43,"column":5}},"loc":{"start":{"line":43,"column":21},"end":{"line":43,"column":38}}},"16":{"name":"(anonymous_18)","decl":{"start":{"line":44,"column":4},"end":{"line":44,"column":5}},"loc":{"start":{"line":44,"column":20},"end":{"line":44,"column":36}}},"17":{"name":"(anonymous_19)","decl":{"start":{"line":45,"column":4},"end":{"line":45,"column":5}},"loc":{"start":{"line":45,"column":31},"end":{"line":45,"column":58}}},"18":{"name":"(anonymous_20)","decl":{"start":{"line":46,"column":4},"end":{"line":46,"column":5}},"loc":{"start":{"line":46,"column":18},"end":{"line":46,"column":32}}},"19":{"name":"(anonymous_21)","decl":{"start":{"line":48,"column":6},"end":{"line":48,"column":7}},"loc":{"start":{"line":48,"column":33},"end":{"line":48,"column":60}}},"20":{"name":"(anonymous_22)","decl":{"start":{"line":52,"column":25},"end":{"line":52,"column":26}},"loc":{"start":{"line":71,"column":13},"end":{"line":71,"column":null}}}},"branchMap":{"0":{"loc":{"start":{"line":27,"column":34},"end":{"line":27,"column":46}},"type":"binary-expr","locations":[{"start":{"line":27,"column":34},"end":{"line":27,"column":46}},{"start":{"line":27,"column":34},"end":{"line":50,"column":2}}]},"1":{"loc":{"start":{"line":28,"column":21},"end":{"line":28,"column":28}},"type":"binary-expr","locations":[{"start":{"line":28,"column":21},"end":{"line":28,"column":28}},{"start":{"line":28,"column":32},"end":{"line":28,"column":62}}]},"2":{"loc":{"start":{"line":29,"column":25},"end":{"line":29,"column":36}},"type":"binary-expr","locations":[{"start":{"line":29,"column":25},"end":{"line":29,"column":36}},{"start":{"line":29,"column":40},"end":{"line":29,"column":79}}]},"3":{"loc":{"start":{"line":30,"column":26},"end":{"line":30,"column":38}},"type":"binary-expr","locations":[{"start":{"line":30,"column":26},"end":{"line":30,"column":38}},{"start":{"line":30,"column":42},"end":{"line":30,"column":83}}]},"4":{"loc":{"start":{"line":31,"column":29},"end":{"line":31,"column":44}},"type":"binary-expr","locations":[{"start":{"line":31,"column":29},"end":{"line":31,"column":44}},{"start":{"line":31,"column":48},"end":{"line":31,"column":87}}]},"5":{"loc":{"start":{"line":32,"column":19},"end":{"line":32,"column":24}},"type":"binary-expr","locations":[{"start":{"line":32,"column":19},"end":{"line":32,"column":24}},{"start":{"line":32,"column":28},"end":{"line":32,"column":46}}]},"6":{"loc":{"start":{"line":33,"column":19},"end":{"line":33,"column":24}},"type":"binary-expr","locations":[{"start":{"line":33,"column":19},"end":{"line":33,"column":24}},{"start":{"line":33,"column":28},"end":{"line":33,"column":46}}]},"7":{"loc":{"start":{"line":34,"column":20},"end":{"line":34,"column":26}},"type":"binary-expr","locations":[{"start":{"line":34,"column":20},"end":{"line":34,"column":26}},{"start":{"line":34,"column":30},"end":{"line":34,"column":50}}]},"8":{"loc":{"start":{"line":35,"column":23},"end":{"line":35,"column":32}},"type":"binary-expr","locations":[{"start":{"line":35,"column":23},"end":{"line":35,"column":32}},{"start":{"line":35,"column":36},"end":{"line":35,"column":74}}]},"9":{"loc":{"start":{"line":36,"column":24},"end":{"line":36,"column":34}},"type":"binary-expr","locations":[{"start":{"line":36,"column":24},"end":{"line":36,"column":34}},{"start":{"line":36,"column":38},"end":{"line":36,"column":67}}]},"10":{"loc":{"start":{"line":37,"column":20},"end":{"line":37,"column":26}},"type":"binary-expr","locations":[{"start":{"line":37,"column":20},"end":{"line":37,"column":26}},{"start":{"line":37,"column":30},"end":{"line":37,"column":92}}]},"11":{"loc":{"start":{"line":38,"column":30},"end":{"line":38,"column":46}},"type":"binary-expr","locations":[{"start":{"line":38,"column":30},"end":{"line":38,"column":46}},{"start":{"line":38,"column":50},"end":{"line":38,"column":91}}]},"12":{"loc":{"start":{"line":39,"column":28},"end":{"line":39,"column":42}},"type":"binary-expr","locations":[{"start":{"line":39,"column":28},"end":{"line":39,"column":42}},{"start":{"line":39,"column":46},"end":{"line":39,"column":83}}]},"13":{"loc":{"start":{"line":40,"column":20},"end":{"line":40,"column":38}},"type":"binary-expr","locations":[{"start":{"line":40,"column":20},"end":{"line":40,"column":38}},{"start":{"line":40,"column":42},"end":{"line":40,"column":62}}]},"14":{"loc":{"start":{"line":41,"column":20},"end":{"line":41,"column":39}},"type":"binary-expr","locations":[{"start":{"line":41,"column":20},"end":{"line":41,"column":39}},{"start":{"line":41,"column":43},"end":{"line":41,"column":63}}]},"15":{"loc":{"start":{"line":42,"column":20},"end":{"line":42,"column":38}},"type":"binary-expr","locations":[{"start":{"line":42,"column":20},"end":{"line":42,"column":38}},{"start":{"line":42,"column":42},"end":{"line":42,"column":63}}]},"16":{"loc":{"start":{"line":43,"column":26},"end":{"line":43,"column":38}},"type":"binary-expr","locations":[{"start":{"line":43,"column":26},"end":{"line":43,"column":38}},{"start":{"line":43,"column":42},"end":{"line":43,"column":77}}]},"17":{"loc":{"start":{"line":44,"column":25},"end":{"line":44,"column":36}},"type":"binary-expr","locations":[{"start":{"line":44,"column":25},"end":{"line":44,"column":36}},{"start":{"line":44,"column":40},"end":{"line":44,"column":71}}]},"18":{"loc":{"start":{"line":45,"column":36},"end":{"line":45,"column":58}},"type":"binary-expr","locations":[{"start":{"line":45,"column":36},"end":{"line":45,"column":58}},{"start":{"line":45,"column":62},"end":{"line":45,"column":103}}]},"19":{"loc":{"start":{"line":46,"column":23},"end":{"line":46,"column":32}},"type":"binary-expr","locations":[{"start":{"line":46,"column":23},"end":{"line":46,"column":32}},{"start":{"line":46,"column":36},"end":{"line":46,"column":63}}]},"20":{"loc":{"start":{"line":48,"column":38},"end":{"line":48,"column":60}},"type":"binary-expr","locations":[{"start":{"line":48,"column":38},"end":{"line":48,"column":60}},{"start":{"line":48,"column":64},"end":{"line":48,"column":106}}]}},"s":{"0":10,"1":10,"2":10,"3":10,"4":10,"5":17,"6":17,"7":17,"8":17,"9":17,"10":17,"11":17,"12":17,"13":17,"14":17,"15":17,"16":17,"17":17,"18":17,"19":17,"20":17,"21":17,"22":17,"23":17,"24":17,"25":17,"26":17,"27":17,"28":17,"29":17,"30":17,"31":17,"32":17,"33":17,"34":17,"35":17,"36":17,"37":17,"38":17,"39":17,"40":17,"41":17,"42":17,"43":17,"44":17,"45":10,"46":17,"47":17,"48":17,"49":17,"50":17,"51":17,"52":17,"53":17,"54":17,"55":17,"56":17,"57":17,"58":17,"59":17,"60":17,"61":17,"62":17,"63":17,"64":17},"f":{"0":17,"1":17,"2":17,"3":17,"4":17,"5":17,"6":17,"7":17,"8":17,"9":17,"10":17,"11":17,"12":17,"13":17,"14":17,"15":17,"16":17,"17":17,"18":17,"19":17,"20":17},"b":{"0":[10,10],"1":[17,1],"2":[17,1],"3":[17,1],"4":[17,1],"5":[17,1],"6":[17,2],"7":[17,1],"8":[17,1],"9":[17,2],"10":[17,1],"11":[17,1],"12":[17,0],"13":[17,1],"14":[17,0],"15":[17,0],"16":[17,2],"17":[17,1],"18":[17,0],"19":[17,0],"20":[17,0]}}
,"/home/felipe/Github/rogan-ui/src/components/Atoms/Copy.tsx": {"path":"/home/felipe/Github/rogan-ui/src/components/Atoms/Copy.tsx","statementMap":{"0":{"start":{"line":1,"column":0},"end":{"line":1,"column":41}},"1":{"start":{"line":2,"column":0},"end":{"line":2,"column":39}},"2":{"start":{"line":3,"column":0},"end":{"line":3,"column":46}},"3":{"start":{"line":16,"column":19},"end":{"line":23,"column":null}},"4":{"start":{"line":17,"column":17},"end":{"line":17,"column":19}},"5":{"start":{"line":17,"column":24},"end":{"line":17,"column":null}},"6":{"start":{"line":18,"column":12},"end":{"line":18,"column":14}},"7":{"start":{"line":18,"column":19},"end":{"line":18,"column":null}},"8":{"start":{"line":19,"column":13},"end":{"line":19,"column":15}},"9":{"start":{"line":19,"column":20},"end":{"line":19,"column":null}},"10":{"start":{"line":20,"column":17},"end":{"line":20,"column":19}},"11":{"start":{"line":20,"column":24},"end":{"line":20,"column":null}},"12":{"start":{"line":21,"column":15},"end":{"line":21,"column":17}},"13":{"start":{"line":21,"column":22},"end":{"line":21,"column":null}},"14":{"start":{"line":22,"column":17},"end":{"line":22,"column":19}},"15":{"start":{"line":22,"column":24},"end":{"line":22,"column":null}},"16":{"start":{"line":23,"column":20},"end":{"line":23,"column":22}},"17":{"start":{"line":23,"column":27},"end":{"line":23,"column":null}},"18":{"start":{"line":26,"column":13},"end":{"line":39,"column":2}},"19":{"start":{"line":26,"column":31},"end":{"line":26,"column":33}},"20":{"start":{"line":26,"column":43},"end":{"line":26,"column":45}},"21":{"start":{"line":26,"column":50},"end":{"line":26,"column":52}},"22":{"start":{"line":26,"column":58},"end":{"line":26,"column":60}},"23":{"start":{"line":26,"column":70},"end":{"line":26,"column":72}},"24":{"start":{"line":26,"column":80},"end":{"line":26,"column":82}},"25":{"start":{"line":26,"column":95},"end":{"line":26,"column":97}},"26":{"start":{"line":26,"column":107},"end":{"line":26,"column":116}},"27":{"start":{"line":26,"column":121},"end":{"line":39,"column":2}}},"fnMap":{"0":{"name":"(anonymous_2)","decl":{"start":{"line":17,"column":4},"end":{"line":17,"column":5}},"loc":{"start":{"line":17,"column":19},"end":{"line":17,"column":34}}},"1":{"name":"(anonymous_3)","decl":{"start":{"line":18,"column":4},"end":{"line":18,"column":5}},"loc":{"start":{"line":18,"column":14},"end":{"line":18,"column":24}}},"2":{"name":"(anonymous_4)","decl":{"start":{"line":19,"column":4},"end":{"line":19,"column":5}},"loc":{"start":{"line":19,"column":15},"end":{"line":19,"column":26}}},"3":{"name":"(anonymous_5)","decl":{"start":{"line":20,"column":4},"end":{"line":20,"column":5}},"loc":{"start":{"line":20,"column":19},"end":{"line":20,"column":34}}},"4":{"name":"(anonymous_6)","decl":{"start":{"line":21,"column":4},"end":{"line":21,"column":5}},"loc":{"start":{"line":21,"column":17},"end":{"line":21,"column":30}}},"5":{"name":"(anonymous_7)","decl":{"start":{"line":22,"column":4},"end":{"line":22,"column":5}},"loc":{"start":{"line":22,"column":19},"end":{"line":22,"column":34}}},"6":{"name":"(anonymous_8)","decl":{"start":{"line":23,"column":4},"end":{"line":23,"column":5}},"loc":{"start":{"line":23,"column":22},"end":{"line":23,"column":40}}},"7":{"name":"(anonymous_9)","decl":{"start":{"line":26,"column":20},"end":{"line":26,"column":21}},"loc":{"start":{"line":26,"column":116},"end":{"line":26,"column":null}}}},"branchMap":{"0":{"loc":{"start":{"line":16,"column":27},"end":{"line":16,"column":34}},"type":"binary-expr","locations":[{"start":{"line":16,"column":27},"end":{"line":16,"column":34}},{"start":{"line":16,"column":27},"end":{"line":24,"column":2}}]},"1":{"loc":{"start":{"line":17,"column":24},"end":{"line":17,"column":34}},"type":"binary-expr","locations":[{"start":{"line":17,"column":24},"end":{"line":17,"column":34}},{"start":{"line":17,"column":38},"end":{"line":17,"column":67}}]},"2":{"loc":{"start":{"line":18,"column":19},"end":{"line":18,"column":24}},"type":"binary-expr","locations":[{"start":{"line":18,"column":19},"end":{"line":18,"column":24}},{"start":{"line":18,"column":28},"end":{"line":18,"column":46}}]},"3":{"loc":{"start":{"line":19,"column":20},"end":{"line":19,"column":26}},"type":"binary-expr","locations":[{"start":{"line":19,"column":20},"end":{"line":19,"column":26}},{"start":{"line":19,"column":30},"end":{"line":19,"column":51}}]},"4":{"loc":{"start":{"line":20,"column":24},"end":{"line":20,"column":34}},"type":"binary-expr","locations":[{"start":{"line":20,"column":24},"end":{"line":20,"column":34}},{"start":{"line":20,"column":38},"end":{"line":20,"column":67}}]},"5":{"loc":{"start":{"line":21,"column":22},"end":{"line":21,"column":30}},"type":"binary-expr","locations":[{"start":{"line":21,"column":22},"end":{"line":21,"column":30}},{"start":{"line":21,"column":34},"end":{"line":21,"column":67}}]},"6":{"loc":{"start":{"line":22,"column":24},"end":{"line":22,"column":34}},"type":"binary-expr","locations":[{"start":{"line":22,"column":24},"end":{"line":22,"column":34}},{"start":{"line":22,"column":38},"end":{"line":22,"column":75}}]},"7":{"loc":{"start":{"line":23,"column":27},"end":{"line":23,"column":40}},"type":"binary-expr","locations":[{"start":{"line":23,"column":27},"end":{"line":23,"column":40}},{"start":{"line":23,"column":44},"end":{"line":23,"column":87}}]}},"s":{"0":10,"1":10,"2":10,"3":10,"4":3,"5":3,"6":3,"7":3,"8":3,"9":3,"10":3,"11":3,"12":3,"13":3,"14":3,"15":3,"16":3,"17":3,"18":10,"19":3,"20":3,"21":3,"22":3,"23":3,"24":3,"25":3,"26":3,"27":3},"f":{"0":3,"1":3,"2":3,"3":3,"4":3,"5":3,"6":3,"7":3},"b":{"0":[10,10],"1":[3,1],"2":[3,1],"3":[3,1],"4":[3,1],"5":[3,1],"6":[3,0],"7":[3,0]}}
,"/home/felipe/Github/rogan-ui/src/components/Atoms/Grid.tsx": {"path":"/home/felipe/Github/rogan-ui/src/components/Atoms/Grid.tsx","statementMap":{"0":{"start":{"line":1,"column":0},"end":{"line":1,"column":41}},"1":{"start":{"line":2,"column":0},"end":{"line":2,"column":39}},"2":{"start":{"line":3,"column":0},"end":{"line":3,"column":45}},"3":{"start":{"line":5,"column":22},"end":{"line":7,"column":null}},"4":{"start":{"line":7,"column":11},"end":{"line":7,"column":13}},"5":{"start":{"line":7,"column":18},"end":{"line":7,"column":null}},"6":{"start":{"line":10,"column":16},"end":{"line":18,"column":null}},"7":{"start":{"line":12,"column":20},"end":{"line":12,"column":22}},"8":{"start":{"line":12,"column":27},"end":{"line":12,"column":null}},"9":{"start":{"line":13,"column":12},"end":{"line":13,"column":14}},"10":{"start":{"line":13,"column":19},"end":{"line":13,"column":null}},"11":{"start":{"line":17,"column":16},"end":{"line":17,"column":18}},"12":{"start":{"line":17,"column":23},"end":{"line":17,"column":null}},"13":{"start":{"line":18,"column":18},"end":{"line":18,"column":20}},"14":{"start":{"line":18,"column":25},"end":{"line":18,"column":null}},"15":{"start":{"line":22,"column":21},"end":{"line":24,"column":1}},"16":{"start":{"line":23,"column":2},"end":{"line":23,"column":null}},"17":{"start":{"line":35,"column":13},"end":{"line":50,"column":2}},"18":{"start":{"line":35,"column":31},"end":{"line":35,"column":33}},"19":{"start":{"line":35,"column":40},"end":{"line":35,"column":42}},"20":{"start":{"line":35,"column":55},"end":{"line":35,"column":57}},"21":{"start":{"line":35,"column":61},"end":{"line":35,"column":70}},"22":{"start":{"line":36,"column":2},"end":{"line":36,"column":null}},"23":{"start":{"line":36,"column":17},"end":{"line":36,"column":null}},"24":{"start":{"line":37,"column":2},"end":{"line":49,"column":4}},"25":{"start":{"line":40,"column":19},"end":{"line":40,"column":49}},"26":{"start":{"line":41,"column":23},"end":{"line":41,"column":57}},"27":{"start":{"line":42,"column":8},"end":{"line":46,"column":10}}},"fnMap":{"0":{"name":"(anonymous_2)","decl":{"start":{"line":7,"column":4},"end":{"line":7,"column":5}},"loc":{"start":{"line":7,"column":13},"end":{"line":7,"column":22}}},"1":{"name":"(anonymous_3)","decl":{"start":{"line":12,"column":4},"end":{"line":12,"column":5}},"loc":{"start":{"line":12,"column":22},"end":{"line":12,"column":40}}},"2":{"name":"(anonymous_4)","decl":{"start":{"line":13,"column":4},"end":{"line":13,"column":5}},"loc":{"start":{"line":13,"column":14},"end":{"line":13,"column":24}}},"3":{"name":"(anonymous_5)","decl":{"start":{"line":17,"column":6},"end":{"line":17,"column":7}},"loc":{"start":{"line":17,"column":18},"end":{"line":17,"column":30}}},"4":{"name":"(anonymous_6)","decl":{"start":{"line":18,"column":6},"end":{"line":18,"column":7}},"loc":{"start":{"line":18,"column":20},"end":{"line":18,"column":34}}},"5":{"name":"(anonymous_7)","decl":{"start":{"line":22,"column":21},"end":{"line":22,"column":22}},"loc":{"start":{"line":22,"column":37},"end":{"line":24,"column":1}}},"6":{"name":"(anonymous_8)","decl":{"start":{"line":35,"column":20},"end":{"line":35,"column":21}},"loc":{"start":{"line":35,"column":70},"end":{"line":50,"column":1}}},"7":{"name":"(anonymous_9)","decl":{"start":{"line":39,"column":36},"end":{"line":39,"column":37}},"loc":{"start":{"line":39,"column":45},"end":{"line":47,"column":7}}}},"branchMap":{"0":{"loc":{"start":{"line":5,"column":32},"end":{"line":5,"column":39}},"type":"binary-expr","locations":[{"start":{"line":5,"column":32},"end":{"line":5,"column":39}},{"start":{"line":5,"column":32},"end":{"line":8,"column":2}}]},"1":{"loc":{"start":{"line":7,"column":18},"end":{"line":7,"column":22}},"type":"binary-expr","locations":[{"start":{"line":7,"column":18},"end":{"line":7,"column":22}},{"start":{"line":7,"column":26},"end":{"line":7,"column":44}}]},"2":{"loc":{"start":{"line":10,"column":26},"end":{"line":10,"column":33}},"type":"binary-expr","locations":[{"start":{"line":10,"column":26},"end":{"line":10,"column":33}},{"start":{"line":10,"column":26},"end":{"line":20,"column":2}}]},"3":{"loc":{"start":{"line":12,"column":27},"end":{"line":12,"column":40}},"type":"binary-expr","locations":[{"start":{"line":12,"column":27},"end":{"line":12,"column":40}},{"start":{"line":12,"column":44},"end":{"line":12,"column":90}}]},"4":{"loc":{"start":{"line":13,"column":19},"end":{"line":13,"column":24}},"type":"binary-expr","locations":[{"start":{"line":13,"column":19},"end":{"line":13,"column":24}},{"start":{"line":13,"column":28},"end":{"line":13,"column":45}}]},"5":{"loc":{"start":{"line":17,"column":23},"end":{"line":17,"column":30}},"type":"binary-expr","locations":[{"start":{"line":17,"column":23},"end":{"line":17,"column":30}},{"start":{"line":17,"column":34},"end":{"line":17,"column":74}}]},"6":{"loc":{"start":{"line":18,"column":25},"end":{"line":18,"column":34}},"type":"binary-expr","locations":[{"start":{"line":18,"column":25},"end":{"line":18,"column":34}},{"start":{"line":18,"column":38},"end":{"line":18,"column":66}}]},"7":{"loc":{"start":{"line":36,"column":2},"end":{"line":36,"column":null}},"type":"if","locations":[{"start":{"line":36,"column":2},"end":{"line":36,"column":null}},{"start":{"line":36,"column":2},"end":{"line":36,"column":null}}]},"8":{"loc":{"start":{"line":40,"column":33},"end":{"line":40,"column":35}},"type":"cond-expr","locations":[{"start":{"line":40,"column":33},"end":{"line":40,"column":35}},{"start":{"line":40,"column":33},"end":{"line":40,"column":49}}]},"9":{"loc":{"start":{"line":40,"column":19},"end":{"line":40,"column":35}},"type":"binary-expr","locations":[{"start":{"line":40,"column":19},"end":{"line":40,"column":35}},{"start":{"line":40,"column":33},"end":{"line":40,"column":35}}]},"10":{"loc":{"start":{"line":41,"column":37},"end":{"line":41,"column":39}},"type":"cond-expr","locations":[{"start":{"line":41,"column":37},"end":{"line":41,"column":39}},{"start":{"line":41,"column":37},"end":{"line":41,"column":57}}]},"11":{"loc":{"start":{"line":41,"column":23},"end":{"line":41,"column":39}},"type":"binary-expr","locations":[{"start":{"line":41,"column":23},"end":{"line":41,"column":39}},{"start":{"line":41,"column":37},"end":{"line":41,"column":39}}]},"12":{"loc":{"start":{"line":43,"column":74},"end":{"line":43,"column":79}},"type":"binary-expr","locations":[{"start":{"line":43,"column":74},"end":{"line":43,"column":79}},{"start":{"line":43,"column":83},"end":{"line":43,"column":88}}]}},"s":{"0":10,"1":10,"2":10,"3":10,"4":3,"5":3,"6":10,"7":8,"8":8,"9":8,"10":8,"11":8,"12":8,"13":8,"14":8,"15":10,"16":14,"17":10,"18":4,"19":4,"20":4,"21":4,"22":4,"23":1,"24":3,"25":8,"26":8,"27":8},"f":{"0":3,"1":8,"2":8,"3":8,"4":8,"5":14,"6":4,"7":8},"b":{"0":[10,10],"1":[3,3],"2":[10,10],"3":[8,6],"4":[8,0],"5":[8,8],"6":[8,2],"7":[1,3],"8":[0,8],"9":[8,8],"10":[0,8],"11":[8,8],"12":[8,0]}}
,"/home/felipe/Github/rogan-ui/src/components/Atoms/Header.tsx": {"path":"/home/felipe/Github/rogan-ui/src/components/Atoms/Header.tsx","statementMap":{"0":{"start":{"line":1,"column":0},"end":{"line":1,"column":56}},"1":{"start":{"line":2,"column":0},"end":{"line":2,"column":39}},"2":{"start":{"line":3,"column":0},"end":{"line":3,"column":46}},"3":{"start":{"line":4,"column":0},"end":{"line":4,"column":45}},"4":{"start":{"line":18,"column":21},"end":{"line":29,"column":null}},"5":{"start":{"line":20,"column":17},"end":{"line":20,"column":19}},"6":{"start":{"line":20,"column":24},"end":{"line":20,"column":null}},"7":{"start":{"line":21,"column":12},"end":{"line":21,"column":14}},"8":{"start":{"line":21,"column":19},"end":{"line":21,"column":null}},"9":{"start":{"line":22,"column":13},"end":{"line":22,"column":15}},"10":{"start":{"line":22,"column":20},"end":{"line":22,"column":null}},"11":{"start":{"line":23,"column":17},"end":{"line":23,"column":19}},"12":{"start":{"line":23,"column":24},"end":{"line":23,"column":null}},"13":{"start":{"line":24,"column":15},"end":{"line":24,"column":17}},"14":{"start":{"line":24,"column":22},"end":{"line":24,"column":null}},"15":{"start":{"line":25,"column":21},"end":{"line":25,"column":23}},"16":{"start":{"line":25,"column":28},"end":{"line":25,"column":null}},"17":{"start":{"line":26,"column":20},"end":{"line":26,"column":22}},"18":{"start":{"line":26,"column":27},"end":{"line":26,"column":null}},"19":{"start":{"line":29,"column":17},"end":{"line":29,"column":19}},"20":{"start":{"line":29,"column":24},"end":{"line":29,"column":null}},"21":{"start":{"line":33,"column":19},"end":{"line":41,"column":1}},"22":{"start":{"line":33,"column":27},"end":{"line":33,"column":29}},"23":{"start":{"line":33,"column":37},"end":{"line":33,"column":48}},"24":{"start":{"line":34,"column":2},"end":{"line":40,"column":4}},"25":{"start":{"line":43,"column":13},"end":{"line":60,"column":2}},"26":{"start":{"line":43,"column":32},"end":{"line":43,"column":34}},"27":{"start":{"line":43,"column":42},"end":{"line":43,"column":44}},"28":{"start":{"line":43,"column":54},"end":{"line":43,"column":56}},"29":{"start":{"line":43,"column":61},"end":{"line":43,"column":63}},"30":{"start":{"line":43,"column":69},"end":{"line":43,"column":71}},"31":{"start":{"line":43,"column":81},"end":{"line":43,"column":83}},"32":{"start":{"line":43,"column":91},"end":{"line":43,"column":93}},"33":{"start":{"line":43,"column":107},"end":{"line":43,"column":109}},"34":{"start":{"line":43,"column":122},"end":{"line":43,"column":133}},"35":{"start":{"line":44,"column":2},"end":{"line":59,"column":4}}},"fnMap":{"0":{"name":"(anonymous_8)","decl":{"start":{"line":20,"column":4},"end":{"line":20,"column":5}},"loc":{"start":{"line":20,"column":19},"end":{"line":20,"column":34}}},"1":{"name":"(anonymous_9)","decl":{"start":{"line":21,"column":4},"end":{"line":21,"column":5}},"loc":{"start":{"line":21,"column":14},"end":{"line":21,"column":24}}},"2":{"name":"(anonymous_10)","decl":{"start":{"line":22,"column":4},"end":{"line":22,"column":5}},"loc":{"start":{"line":22,"column":15},"end":{"line":22,"column":26}}},"3":{"name":"(anonymous_11)","decl":{"start":{"line":23,"column":4},"end":{"line":23,"column":5}},"loc":{"start":{"line":23,"column":19},"end":{"line":23,"column":34}}},"4":{"name":"(anonymous_12)","decl":{"start":{"line":24,"column":4},"end":{"line":24,"column":5}},"loc":{"start":{"line":24,"column":17},"end":{"line":24,"column":30}}},"5":{"name":"(anonymous_13)","decl":{"start":{"line":25,"column":4},"end":{"line":25,"column":5}},"loc":{"start":{"line":25,"column":23},"end":{"line":25,"column":42}}},"6":{"name":"(anonymous_14)","decl":{"start":{"line":26,"column":4},"end":{"line":26,"column":5}},"loc":{"start":{"line":26,"column":22},"end":{"line":26,"column":40}}},"7":{"name":"(anonymous_15)","decl":{"start":{"line":29,"column":6},"end":{"line":29,"column":7}},"loc":{"start":{"line":29,"column":19},"end":{"line":29,"column":32}}},"8":{"name":"(anonymous_16)","decl":{"start":{"line":33,"column":19},"end":{"line":33,"column":20}},"loc":{"start":{"line":33,"column":48},"end":{"line":41,"column":1}}},"9":{"name":"(anonymous_17)","decl":{"start":{"line":43,"column":24},"end":{"line":43,"column":25}},"loc":{"start":{"line":43,"column":133},"end":{"line":60,"column":1}}}},"branchMap":{"0":{"loc":{"start":{"line":18,"column":32},"end":{"line":18,"column":41}},"type":"binary-expr","locations":[{"start":{"line":18,"column":32},"end":{"line":18,"column":41}},{"start":{"line":18,"column":32},"end":{"line":31,"column":2}}]},"1":{"loc":{"start":{"line":20,"column":24},"end":{"line":20,"column":34}},"type":"binary-expr","locations":[{"start":{"line":20,"column":24},"end":{"line":20,"column":34}},{"start":{"line":20,"column":38},"end":{"line":20,"column":67}}]},"2":{"loc":{"start":{"line":21,"column":19},"end":{"line":21,"column":24}},"type":"binary-expr","locations":[{"start":{"line":21,"column":19},"end":{"line":21,"column":24}},{"start":{"line":21,"column":28},"end":{"line":21,"column":46}}]},"3":{"loc":{"start":{"line":22,"column":20},"end":{"line":22,"column":26}},"type":"binary-expr","locations":[{"start":{"line":22,"column":20},"end":{"line":22,"column":26}},{"start":{"line":22,"column":30},"end":{"line":22,"column":51}}]},"4":{"loc":{"start":{"line":23,"column":24},"end":{"line":23,"column":34}},"type":"binary-expr","locations":[{"start":{"line":23,"column":24},"end":{"line":23,"column":34}},{"start":{"line":23,"column":38},"end":{"line":23,"column":67}}]},"5":{"loc":{"start":{"line":24,"column":22},"end":{"line":24,"column":30}},"type":"binary-expr","locations":[{"start":{"line":24,"column":22},"end":{"line":24,"column":30}},{"start":{"line":24,"column":34},"end":{"line":24,"column":67}}]},"6":{"loc":{"start":{"line":25,"column":28},"end":{"line":25,"column":42}},"type":"binary-expr","locations":[{"start":{"line":25,"column":28},"end":{"line":25,"column":42}},{"start":{"line":25,"column":46},"end":{"line":25,"column":85}}]},"7":{"loc":{"start":{"line":26,"column":27},"end":{"line":26,"column":40}},"type":"binary-expr","locations":[{"start":{"line":26,"column":27},"end":{"line":26,"column":40}},{"start":{"line":26,"column":44},"end":{"line":26,"column":87}}]},"8":{"loc":{"start":{"line":29,"column":24},"end":{"line":29,"column":32}},"type":"binary-expr","locations":[{"start":{"line":29,"column":24},"end":{"line":29,"column":32}},{"start":{"line":29,"column":36},"end":{"line":29,"column":69}}]},"9":{"loc":{"start":{"line":45,"column":23},"end":{"line":45,"column":28}},"type":"binary-expr","locations":[{"start":{"line":45,"column":23},"end":{"line":45,"column":28}},{"start":{"line":45,"column":32},"end":{"line":45,"column":33}}]}},"s":{"0":10,"1":10,"2":10,"3":10,"4":10,"5":4,"6":4,"7":4,"8":4,"9":4,"10":4,"11":4,"12":4,"13":4,"14":4,"15":4,"16":4,"17":4,"18":4,"19":4,"20":4,"21":10,"22":4,"23":4,"24":4,"25":10,"26":4,"27":4,"28":4,"29":4,"30":4,"31":4,"32":4,"33":4,"34":4,"35":4},"f":{"0":4,"1":4,"2":4,"3":4,"4":4,"5":4,"6":4,"7":4,"8":4,"9":4},"b":{"0":[10,10],"1":[4,1],"2":[4,1],"3":[4,1],"4":[4,1],"5":[4,1],"6":[4,0],"7":[4,0],"8":[4,1],"9":[4,2]}}
,"/home/felipe/Github/rogan-ui/src/components/Atoms/Spacer.tsx": {"path":"/home/felipe/Github/rogan-ui/src/components/Atoms/Spacer.tsx","statementMap":{"0":{"start":{"line":1,"column":0},"end":{"line":1,"column":26}},"1":{"start":{"line":2,"column":0},"end":{"line":2,"column":39}},"2":{"start":{"line":8,"column":21},"end":{"line":9,"column":null}},"3":{"start":{"line":9,"column":13},"end":{"line":9,"column":15}},"4":{"start":{"line":9,"column":20},"end":{"line":9,"column":null}},"5":{"start":{"line":12,"column":13},"end":{"line":12,"column":101}},"6":{"start":{"line":12,"column":31},"end":{"line":12,"column":42}},"7":{"start":{"line":12,"column":47},"end":{"line":12,"column":101}}},"fnMap":{"0":{"name":"(anonymous_2)","decl":{"start":{"line":9,"column":4},"end":{"line":9,"column":5}},"loc":{"start":{"line":9,"column":15},"end":{"line":9,"column":26}}},"1":{"name":"(anonymous_3)","decl":{"start":{"line":12,"column":22},"end":{"line":12,"column":23}},"loc":{"start":{"line":12,"column":42},"end":{"line":12,"column":48}}}},"branchMap":{"0":{"loc":{"start":{"line":8,"column":31},"end":{"line":8,"column":40}},"type":"binary-expr","locations":[{"start":{"line":8,"column":31},"end":{"line":8,"column":40}},{"start":{"line":8,"column":31},"end":{"line":10,"column":2}}]},"1":{"loc":{"start":{"line":9,"column":20},"end":{"line":9,"column":26}},"type":"binary-expr","locations":[{"start":{"line":9,"column":20},"end":{"line":9,"column":26}},{"start":{"line":9,"column":30},"end":{"line":9,"column":59}}]}},"s":{"0":10,"1":10,"2":10,"3":2,"4":2,"5":10,"6":2,"7":2},"f":{"0":2,"1":2},"b":{"0":[10,10],"1":[2,2]}}
,"/home/felipe/Github/rogan-ui/src/components/Atoms/UIImage.tsx": {"path":"/home/felipe/Github/rogan-ui/src/components/Atoms/UIImage.tsx","statementMap":{"0":{"start":{"line":1,"column":0},"end":{"line":1,"column":26}},"1":{"start":{"line":2,"column":0},"end":{"line":2,"column":39}},"2":{"start":{"line":10,"column":22},"end":{"line":12,"column":null}},"3":{"start":{"line":11,"column":14},"end":{"line":11,"column":16}},"4":{"start":{"line":11,"column":21},"end":{"line":11,"column":null}},"5":{"start":{"line":12,"column":15},"end":{"line":12,"column":17}},"6":{"start":{"line":12,"column":22},"end":{"line":12,"column":null}},"7":{"start":{"line":15,"column":13},"end":{"line":15,"column":131}},"8":{"start":{"line":15,"column":29},"end":{"line":15,"column":31}},"9":{"start":{"line":15,"column":36},"end":{"line":15,"column":38}},"10":{"start":{"line":15,"column":44},"end":{"line":15,"column":56}},"11":{"start":{"line":15,"column":61},"end":{"line":15,"column":131}}},"fnMap":{"0":{"name":"(anonymous_2)","decl":{"start":{"line":11,"column":6},"end":{"line":11,"column":7}},"loc":{"start":{"line":11,"column":16},"end":{"line":11,"column":26}}},"1":{"name":"(anonymous_3)","decl":{"start":{"line":12,"column":6},"end":{"line":12,"column":7}},"loc":{"start":{"line":12,"column":17},"end":{"line":12,"column":28}}},"2":{"name":"(anonymous_4)","decl":{"start":{"line":15,"column":23},"end":{"line":15,"column":24}},"loc":{"start":{"line":15,"column":56},"end":{"line":15,"column":62}}}},"branchMap":{"0":{"loc":{"start":{"line":10,"column":32},"end":{"line":10,"column":null}},"type":"binary-expr","locations":[{"start":{"line":10,"column":32},"end":{"line":10,"column":null}},{"start":{"line":10,"column":32},"end":{"line":13,"column":2}}]},"1":{"loc":{"start":{"line":11,"column":21},"end":{"line":11,"column":26}},"type":"binary-expr","locations":[{"start":{"line":11,"column":21},"end":{"line":11,"column":26}},{"start":{"line":11,"column":30},"end":{"line":11,"column":48}}]},"2":{"loc":{"start":{"line":12,"column":22},"end":{"line":12,"column":28}},"type":"binary-expr","locations":[{"start":{"line":12,"column":22},"end":{"line":12,"column":28}},{"start":{"line":12,"column":32},"end":{"line":12,"column":52}}]}},"s":{"0":10,"1":10,"2":10,"3":2,"4":2,"5":2,"6":2,"7":10,"8":2,"9":2,"10":2,"11":2},"f":{"0":2,"1":2,"2":2},"b":{"0":[10,10],"1":[2,1],"2":[2,1]}}
,"/home/felipe/Github/rogan-ui/src/components/Molecules/AVConcertCard.tsx": {"path":"/home/felipe/Github/rogan-ui/src/components/Molecules/AVConcertCard.tsx","statementMap":{"0":{"start":{"line":1,"column":0},"end":{"line":1,"column":26}},"1":{"start":{"line":2,"column":0},"end":{"line":2,"column":47}},"2":{"start":{"line":3,"column":0},"end":{"line":3,"column":37}},"3":{"start":{"line":4,"column":0},"end":{"line":4,"column":43}},"4":{"start":{"line":5,"column":0},"end":{"line":5,"column":43}},"5":{"start":{"line":6,"column":0},"end":{"line":6,"column":47}},"6":{"start":{"line":16,"column":13},"end":{"line":22,"column":null}},"7":{"start":{"line":16,"column":37},"end":{"line":16,"column":39}},"8":{"start":{"line":16,"column":43},"end":{"line":16,"column":45}},"9":{"start":{"line":16,"column":50},"end":{"line":16,"column":52}},"10":{"start":{"line":16,"column":56},"end":{"line":16,"column":58}},"11":{"start":{"line":16,"column":63},"end":{"line":16,"column":81}},"12":{"start":{"line":16,"column":86},"end":{"line":22,"column":null}}},"fnMap":{"0":{"name":"(anonymous_1)","decl":{"start":{"line":16,"column":29},"end":{"line":16,"column":30}},"loc":{"start":{"line":16,"column":81},"end":{"line":16,"column":null}}}},"branchMap":{"0":{"loc":{"start":{"line":17,"column":33},"end":{"line":17,"column":39}},"type":"cond-expr","locations":[{"start":{"line":17,"column":33},"end":{"line":17,"column":39}},{"start":{"line":17,"column":42},"end":{"line":17,"column":49}}]}},"s":{"0":10,"1":10,"2":10,"3":10,"4":10,"5":10,"6":10,"7":1,"8":1,"9":1,"10":1,"11":1,"12":1},"f":{"0":1},"b":{"0":[0,1]}}
,"/home/felipe/Github/rogan-ui/src/components/Molecules/GridContainer.tsx": {"path":"/home/felipe/Github/rogan-ui/src/components/Molecules/GridContainer.tsx","statementMap":{"0":{"start":{"line":1,"column":0},"end":{"line":1,"column":41}},"1":{"start":{"line":2,"column":0},"end":{"line":2,"column":39}},"2":{"start":{"line":3,"column":0},"end":{"line":3,"column":47}},"3":{"start":{"line":15,"column":28},"end":{"line":16,"column":null}},"4":{"start":{"line":16,"column":14},"end":{"line":16,"column":16}},"5":{"start":{"line":16,"column":21},"end":{"line":16,"column":null}},"6":{"start":{"line":19,"column":13},"end":{"line":19,"column":195}},"7":{"start":{"line":19,"column":40},"end":{"line":19,"column":42}},"8":{"start":{"line":19,"column":47},"end":{"line":19,"column":49}},"9":{"start":{"line":19,"column":58},"end":{"line":19,"column":60}},"10":{"start":{"line":19,"column":64},"end":{"line":19,"column":82}},"11":{"start":{"line":19,"column":87},"end":{"line":19,"column":195}}},"fnMap":{"0":{"name":"(anonymous_2)","decl":{"start":{"line":16,"column":6},"end":{"line":16,"column":7}},"loc":{"start":{"line":16,"column":16},"end":{"line":16,"column":26}}},"1":{"name":"(anonymous_3)","decl":{"start":{"line":19,"column":29},"end":{"line":19,"column":30}},"loc":{"start":{"line":19,"column":82},"end":{"line":19,"column":88}}}},"branchMap":{"0":{"loc":{"start":{"line":15,"column":45},"end":{"line":15,"column":68}},"type":"binary-expr","locations":[{"start":{"line":15,"column":45},"end":{"line":15,"column":68}},{"start":{"line":15,"column":45},"end":{"line":17,"column":2}}]},"1":{"loc":{"start":{"line":16,"column":21},"end":{"line":16,"column":26}},"type":"binary-expr","locations":[{"start":{"line":16,"column":21},"end":{"line":16,"column":26}},{"start":{"line":16,"column":30},"end":{"line":16,"column":48}}]}},"s":{"0":10,"1":10,"2":10,"3":10,"4":3,"5":3,"6":10,"7":3,"8":3,"9":3,"10":3,"11":3},"f":{"0":3,"1":3},"b":{"0":[10,10],"1":[3,0]}}
,"/home/felipe/Github/rogan-ui/src/components/Organisms/TwoColumnLayout.tsx": {"path":"/home/felipe/Github/rogan-ui/src/components/Organisms/TwoColumnLayout.tsx","statementMap":{"0":{"start":{"line":1,"column":0},"end":{"line":1,"column":51}},"1":{"start":{"line":2,"column":0},"end":{"line":2,"column":39}},"2":{"start":{"line":3,"column":0},"end":{"line":3,"column":37}},"3":{"start":{"line":4,"column":0},"end":{"line":4,"column":43}},"4":{"start":{"line":5,"column":0},"end":{"line":5,"column":59}},"5":{"start":{"line":6,"column":0},"end":{"line":6,"column":45}},"6":{"start":{"line":25,"column":20},"end":{"line":29,"column":null}},"7":{"start":{"line":26,"column":24},"end":{"line":26,"column":26}},"8":{"start":{"line":26,"column":31},"end":{"line":26,"column":null}},"9":{"start":{"line":29,"column":20},"end":{"line":29,"column":22}},"10":{"start":{"line":29,"column":27},"end":{"line":29,"column":null}},"11":{"start":{"line":33,"column":30},"end":{"line":33,"column":43}},"12":{"start":{"line":35,"column":13},"end":{"line":73,"column":2}},"13":{"start":{"line":36,"column":7},"end":{"line":36,"column":null}},"14":{"start":{"line":37,"column":10},"end":{"line":37,"column":null}},"15":{"start":{"line":38,"column":7},"end":{"line":38,"column":null}},"16":{"start":{"line":39,"column":15},"end":{"line":39,"column":null}},"17":{"start":{"line":40,"column":16},"end":{"line":40,"column":null}},"18":{"start":{"line":41,"column":16},"end":{"line":41,"column":null}},"19":{"start":{"line":42,"column":22},"end":{"line":42,"column":null}},"20":{"start":{"line":43,"column":13},"end":{"line":43,"column":null}},"21":{"start":{"line":44,"column":6},"end":{"line":44,"column":null}},"22":{"start":{"line":45,"column":13},"end":{"line":45,"column":null}},"23":{"start":{"line":46,"column":19},"end":{"line":46,"column":null}},"24":{"start":{"line":47,"column":12},"end":{"line":47,"column":null}},"25":{"start":{"line":48,"column":20},"end":{"line":48,"column":null}},"26":{"start":{"line":49,"column":17},"end":{"line":49,"column":null}},"27":{"start":{"line":51,"column":44},"end":{"line":51,"column":59}},"28":{"start":{"line":51,"column":22},"end":{"line":51,"column":24}},"29":{"start":{"line":51,"column":40},"end":{"line":51,"column":44}},"30":{"start":{"line":52,"column":2},"end":{"line":58,"column":null}},"31":{"start":{"line":53,"column":4},"end":{"line":57,"column":null}},"32":{"start":{"line":54,"column":6},"end":{"line":54,"column":null}},"33":{"start":{"line":56,"column":6},"end":{"line":56,"column":null}},"34":{"start":{"line":60,"column":2},"end":{"line":72,"column":null}}},"fnMap":{"0":{"name":"(anonymous_8)","decl":{"start":{"line":26,"column":4},"end":{"line":26,"column":5}},"loc":{"start":{"line":26,"column":26},"end":{"line":26,"column":48}}},"1":{"name":"(anonymous_9)","decl":{"start":{"line":29,"column":6},"end":{"line":29,"column":7}},"loc":{"start":{"line":29,"column":22},"end":{"line":29,"column":38}}},"2":{"name":"(anonymous_10)","decl":{"start":{"line":35,"column":31},"end":{"line":35,"column":32}},"loc":{"start":{"line":50,"column":19},"end":{"line":73,"column":1}}},"3":{"name":"(anonymous_11)","decl":{"start":{"line":52,"column":12},"end":{"line":52,"column":null}},"loc":{"start":{"line":52,"column":12},"end":{"line":58,"column":3}}}},"branchMap":{"0":{"loc":{"start":{"line":25,"column":30},"end":{"line":25,"column":76}},"type":"binary-expr","locations":[{"start":{"line":25,"column":30},"end":{"line":25,"column":76}},{"start":{"line":25,"column":30},"end":{"line":31,"column":null}}]},"1":{"loc":{"start":{"line":26,"column":31},"end":{"line":26,"column":48}},"type":"binary-expr","locations":[{"start":{"line":26,"column":31},"end":{"line":26,"column":48}},{"start":{"line":26,"column":52},"end":{"line":26,"column":96}}]},"2":{"loc":{"start":{"line":29,"column":27},"end":{"line":29,"column":38}},"type":"binary-expr","locations":[{"start":{"line":29,"column":27},"end":{"line":29,"column":38}},{"start":{"line":29,"column":42},"end":{"line":29,"column":80}}]},"3":{"loc":{"start":{"line":33,"column":40},"end":{"line":33,"column":42}},"type":"binary-expr","locations":[{"start":{"line":33,"column":40},"end":{"line":33,"column":42}},{"start":{"line":33,"column":40},"end":{"line":33,"column":43}}]},"4":{"loc":{"start":{"line":53,"column":4},"end":{"line":57,"column":null}},"type":"if","locations":[{"start":{"line":53,"column":4},"end":{"line":57,"column":null}},{"start":{"line":53,"column":4},"end":{"line":57,"column":null}}]},"5":{"loc":{"start":{"line":64,"column":11},"end":{"line":64,"column":16}},"type":"binary-expr","locations":[{"start":{"line":64,"column":11},"end":{"line":64,"column":16}},{"start":{"line":64,"column":20},"end":{"line":64,"column":213}}]},"6":{"loc":{"start":{"line":65,"column":11},"end":{"line":65,"column":16}},"type":"binary-expr","locations":[{"start":{"line":65,"column":11},"end":{"line":65,"column":16}},{"start":{"line":65,"column":20},"end":{"line":65,"column":131}}]}},"s":{"0":10,"1":10,"2":10,"3":10,"4":10,"5":10,"6":10,"7":0,"8":0,"9":0,"10":0,"11":10,"12":10,"13":1,"14":1,"15":1,"16":1,"17":1,"18":1,"19":1,"20":1,"21":1,"22":1,"23":1,"24":1,"25":1,"26":1,"27":1,"28":1,"29":1,"30":1,"31":1,"32":0,"33":1,"34":1},"f":{"0":0,"1":0,"2":1,"3":1},"b":{"0":[10,10],"1":[0,0],"2":[0,0],"3":[10,10],"4":[0,1],"5":[1,0],"6":[1,0]}}
,"/home/felipe/Github/rogan-ui/src/components/utils/getFontSize.ts": {"path":"/home/felipe/Github/rogan-ui/src/components/utils/getFontSize.ts","statementMap":{"0":{"start":{"line":1,"column":13},"end":{"line":1,"column":54}},"1":{"start":{"line":1,"column":38},"end":{"line":1,"column":54}}},"fnMap":{"0":{"name":"(anonymous_0)","decl":{"start":{"line":1,"column":22},"end":{"line":1,"column":23}},"loc":{"start":{"line":1,"column":33},"end":{"line":1,"column":41}}}},"branchMap":{},"s":{"0":10,"1":7},"f":{"0":7},"b":{}}
,"/home/felipe/Github/rogan-ui/src/components/utils/mediaSizes.ts": {"path":"/home/felipe/Github/rogan-ui/src/components/utils/mediaSizes.ts","statementMap":{"0":{"start":{"line":1,"column":0},"end":{"line":1,"column":60}},"1":{"start":{"line":3,"column":13},"end":{"line":11,"column":2}},"2":{"start":{"line":13,"column":13},"end":{"line":22,"column":2}},"3":{"start":{"line":24,"column":13},"end":{"line":27,"column":null}},"4":{"start":{"line":25,"column":19},"end":{"line":25,"column":53}},"5":{"start":{"line":26,"column":2},"end":{"line":26,"column":null}}},"fnMap":{"0":{"name":"(anonymous_0)","decl":{"start":{"line":24,"column":24},"end":{"line":24,"column":null}},"loc":{"start":{"line":24,"column":24},"end":{"line":27,"column":1}}}},"branchMap":{},"s":{"0":10,"1":10,"2":10,"3":10,"4":1,"5":1},"f":{"0":1},"b":{}}
,"/home/felipe/Github/rogan-ui/src/components/utils/useWindowDimensions.ts": {"path":"/home/felipe/Github/rogan-ui/src/components/utils/useWindowDimensions.ts","statementMap":{"0":{"start":{"line":1,"column":0},"end":{"line":1,"column":44}},"1":{"start":{"line":3,"column":28},"end":{"line":9,"column":1}},"2":{"start":{"line":4,"column":55},"end":{"line":4,"column":62}},"3":{"start":{"line":5,"column":4},"end":{"line":8,"column":6}},"4":{"start":{"line":11,"column":15},"end":{"line":26,"column":null}},"5":{"start":{"line":12,"column":52},"end":{"line":13,"column":null}},"6":{"start":{"line":12,"column":27},"end":{"line":12,"column":29}},"7":{"start":{"line":12,"column":48},"end":{"line":12,"column":52}},"8":{"start":{"line":16,"column":4},"end":{"line":23,"column":11}},"9":{"start":{"line":18,"column":8},"end":{"line":18,"column":51}},"10":{"start":{"line":21,"column":6},"end":{"line":21,"column":54}},"11":{"start":{"line":22,"column":6},"end":{"line":22,"column":70}},"12":{"start":{"line":22,"column":19},"end":{"line":22,"column":70}},"13":{"start":{"line":25,"column":4},"end":{"line":25,"column":28}}},"fnMap":{"0":{"name":"(anonymous_0)","decl":{"start":{"line":3,"column":28},"end":{"line":3,"column":null}},"loc":{"start":{"line":3,"column":28},"end":{"line":9,"column":1}}},"1":{"name":"(anonymous_1)","decl":{"start":{"line":11,"column":37},"end":{"line":11,"column":null}},"loc":{"start":{"line":11,"column":37},"end":{"line":26,"column":3}}},"2":{"name":"(anonymous_2)","decl":{"start":{"line":16,"column":14},"end":{"line":16,"column":null}},"loc":{"start":{"line":16,"column":14},"end":{"line":23,"column":5}}},"3":{"name":"handleResize","decl":{"start":{"line":17,"column":15},"end":{"line":17,"column":27}},"loc":{"start":{"line":17,"column":27},"end":{"line":19,"column":7}}},"4":{"name":"(anonymous_4)","decl":{"start":{"line":22,"column":13},"end":{"line":22,"column":19}},"loc":{"start":{"line":22,"column":13},"end":{"line":22,"column":25}}}},"branchMap":{},"s":{"0":10,"1":10,"2":2,"3":1,"4":10,"5":1,"6":1,"7":1,"8":1,"9":0,"10":1,"11":1,"12":1,"13":1},"f":{"0":1,"1":1,"2":1,"3":0,"4":1},"b":{}}
}
