TN:
SF:src/index.ts
FN:23,(anonymous_0)
FN:15,(anonymous_1)
FN:16,(anonymous_2)
FN:17,(anonymous_3)
FN:18,(anonymous_4)
FN:19,(anonymous_5)
FN:20,(anonymous_6)
FN:21,(anonymous_7)
FN:22,(anonymous_8)
FN:24,(anonymous_9)
FN:25,(anonymous_10)
FNF:11
FNH:10
FNDA:2,(anonymous_0)
FNDA:1,(anonymous_1)
FNDA:1,(anonymous_2)
FNDA:1,(anonymous_3)
FNDA:1,(anonymous_4)
FNDA:13,(anonymous_5)
FNDA:2,(anonymous_6)
FNDA:2,(anonymous_7)
FNDA:3,(anonymous_8)
FNDA:3,(anonymous_9)
FNDA:0,(anonymous_10)
DA:1,10
DA:3,10
DA:4,10
DA:5,10
DA:6,10
DA:7,10
DA:8,10
DA:9,10
DA:10,10
DA:11,10
DA:12,10
DA:15,11
DA:16,11
DA:17,11
DA:18,11
DA:19,23
DA:20,12
DA:21,12
DA:22,13
DA:23,12
DA:24,13
DA:25,10
LF:22
LH:22
BRF:0
BRH:0
end_of_record
TN:
SF:src/components/Atoms/Button.tsx
FN:11,(anonymous_2)
FN:12,(anonymous_3)
FN:13,(anonymous_4)
FN:14,(anonymous_5)
FN:24,(anonymous_6)
FNF:5
FNH:5
FNDA:2,(anonymous_2)
FNDA:2,(anonymous_3)
FNDA:2,(anonymous_4)
FNDA:2,(anonymous_5)
FNDA:2,(anonymous_6)
DA:1,10
DA:2,10
DA:3,10
DA:5,10
DA:11,2
DA:12,2
DA:13,2
DA:14,2
DA:24,10
LF:9
LH:9
BRDA:5,0,0,10
BRDA:5,0,1,10
BRDA:11,1,0,2
BRDA:11,1,1,1
BRDA:12,2,0,2
BRDA:12,2,1,1
BRDA:13,3,0,2
BRDA:13,3,1,1
BRDA:14,4,0,2
BRDA:14,4,1,1
BRF:10
BRH:10
end_of_record
TN:
SF:src/components/Atoms/Container.tsx
FN:28,(anonymous_2)
FN:29,(anonymous_3)
FN:30,(anonymous_4)
FN:31,(anonymous_5)
FN:32,(anonymous_6)
FN:33,(anonymous_7)
FN:34,(anonymous_8)
FN:35,(anonymous_9)
FN:36,(anonymous_10)
FN:37,(anonymous_11)
FN:38,(anonymous_12)
FN:39,(anonymous_13)
FN:40,(anonymous_14)
FN:41,(anonymous_15)
FN:42,(anonymous_16)
FN:43,(anonymous_17)
FN:44,(anonymous_18)
FN:45,(anonymous_19)
FN:46,(anonymous_20)
FN:48,(anonymous_21)
FN:52,(anonymous_22)
FNF:21
FNH:21
FNDA:17,(anonymous_2)
FNDA:17,(anonymous_3)
FNDA:17,(anonymous_4)
FNDA:17,(anonymous_5)
FNDA:17,(anonymous_6)
FNDA:17,(anonymous_7)
FNDA:17,(anonymous_8)
FNDA:17,(anonymous_9)
FNDA:17,(anonymous_10)
FNDA:17,(anonymous_11)
FNDA:17,(anonymous_12)
FNDA:17,(anonymous_13)
FNDA:17,(anonymous_14)
FNDA:17,(anonymous_15)
FNDA:17,(anonymous_16)
FNDA:17,(anonymous_17)
FNDA:17,(anonymous_18)
FNDA:17,(anonymous_19)
FNDA:17,(anonymous_20)
FNDA:17,(anonymous_21)
FNDA:17,(anonymous_22)
DA:1,10
DA:2,10
DA:3,10
DA:4,10
DA:27,10
DA:28,17
DA:29,17
DA:30,17
DA:31,17
DA:32,17
DA:33,17
DA:34,17
DA:35,17
DA:36,17
DA:37,17
DA:38,17
DA:39,17
DA:40,17
DA:41,17
DA:42,17
DA:43,17
DA:44,17
DA:45,17
DA:46,17
DA:48,17
DA:52,10
DA:53,17
DA:54,17
DA:55,17
DA:56,17
DA:57,17
DA:58,17
DA:59,17
DA:60,17
DA:61,17
DA:62,17
DA:63,17
DA:64,17
DA:65,17
DA:66,17
DA:67,17
DA:68,17
DA:69,17
DA:70,17
DA:71,17
LF:45
LH:45
BRDA:27,0,0,10
BRDA:27,0,1,10
BRDA:28,1,0,17
BRDA:28,1,1,1
BRDA:29,2,0,17
BRDA:29,2,1,1
BRDA:30,3,0,17
BRDA:30,3,1,1
BRDA:31,4,0,17
BRDA:31,4,1,1
BRDA:32,5,0,17
BRDA:32,5,1,1
BRDA:33,6,0,17
BRDA:33,6,1,2
BRDA:34,7,0,17
BRDA:34,7,1,1
BRDA:35,8,0,17
BRDA:35,8,1,1
BRDA:36,9,0,17
BRDA:36,9,1,2
BRDA:37,10,0,17
BRDA:37,10,1,1
BRDA:38,11,0,17
BRDA:38,11,1,1
BRDA:39,12,0,17
BRDA:39,12,1,0
BRDA:40,13,0,17
BRDA:40,13,1,1
BRDA:41,14,0,17
BRDA:41,14,1,0
BRDA:42,15,0,17
BRDA:42,15,1,0
BRDA:43,16,0,17
BRDA:43,16,1,2
BRDA:44,17,0,17
BRDA:44,17,1,1
BRDA:45,18,0,17
BRDA:45,18,1,0
BRDA:46,19,0,17
BRDA:46,19,1,0
BRDA:48,20,0,17
BRDA:48,20,1,0
BRF:42
BRH:36
end_of_record
TN:
SF:src/components/Atoms/Copy.tsx
FN:17,(anonymous_2)
FN:18,(anonymous_3)
FN:19,(anonymous_4)
FN:20,(anonymous_5)
FN:21,(anonymous_6)
FN:22,(anonymous_7)
FN:23,(anonymous_8)
FN:26,(anonymous_9)
FNF:8
FNH:8
FNDA:3,(anonymous_2)
FNDA:3,(anonymous_3)
FNDA:3,(anonymous_4)
FNDA:3,(anonymous_5)
FNDA:3,(anonymous_6)
FNDA:3,(anonymous_7)
FNDA:3,(anonymous_8)
FNDA:3,(anonymous_9)
DA:1,10
DA:2,10
DA:3,10
DA:16,10
DA:17,3
DA:18,3
DA:19,3
DA:20,3
DA:21,3
DA:22,3
DA:23,3
DA:26,10
LF:12
LH:12
BRDA:16,0,0,10
BRDA:16,0,1,10
BRDA:17,1,0,3
BRDA:17,1,1,1
BRDA:18,2,0,3
BRDA:18,2,1,1
BRDA:19,3,0,3
BRDA:19,3,1,1
BRDA:20,4,0,3
BRDA:20,4,1,1
BRDA:21,5,0,3
BRDA:21,5,1,1
BRDA:22,6,0,3
BRDA:22,6,1,0
BRDA:23,7,0,3
BRDA:23,7,1,0
BRF:16
BRH:14
end_of_record
TN:
SF:src/components/Atoms/Grid.tsx
FN:7,(anonymous_2)
FN:12,(anonymous_3)
FN:13,(anonymous_4)
FN:17,(anonymous_5)
FN:18,(anonymous_6)
FN:22,(anonymous_7)
FN:35,(anonymous_8)
FN:39,(anonymous_9)
FNF:8
FNH:8
FNDA:3,(anonymous_2)
FNDA:8,(anonymous_3)
FNDA:8,(anonymous_4)
FNDA:8,(anonymous_5)
FNDA:8,(anonymous_6)
FNDA:14,(anonymous_7)
FNDA:4,(anonymous_8)
FNDA:8,(anonymous_9)
DA:1,10
DA:2,10
DA:3,10
DA:5,10
DA:7,3
DA:10,10
DA:12,8
DA:13,8
DA:17,8
DA:18,8
DA:22,10
DA:23,14
DA:35,10
DA:36,4
DA:37,3
DA:40,8
DA:41,8
DA:42,8
LF:18
LH:18
BRDA:5,0,0,10
BRDA:5,0,1,10
BRDA:7,1,0,3
BRDA:7,1,1,3
BRDA:10,2,0,10
BRDA:10,2,1,10
BRDA:12,3,0,8
BRDA:12,3,1,6
BRDA:13,4,0,8
BRDA:13,4,1,0
BRDA:17,5,0,8
BRDA:17,5,1,8
BRDA:18,6,0,8
BRDA:18,6,1,2
BRDA:36,7,0,1
BRDA:36,7,1,3
BRDA:40,8,0,0
BRDA:40,8,1,8
BRDA:40,9,0,8
BRDA:40,9,1,8
BRDA:41,10,0,0
BRDA:41,10,1,8
BRDA:41,11,0,8
BRDA:41,11,1,8
BRDA:43,12,0,8
BRDA:43,12,1,0
BRF:26
BRH:22
end_of_record
TN:
SF:src/components/Atoms/Header.tsx
FN:20,(anonymous_8)
FN:21,(anonymous_9)
FN:22,(anonymous_10)
FN:23,(anonymous_11)
FN:24,(anonymous_12)
FN:25,(anonymous_13)
FN:26,(anonymous_14)
FN:29,(anonymous_15)
FN:33,(anonymous_16)
FN:43,(anonymous_17)
FNF:10
FNH:10
FNDA:4,(anonymous_8)
FNDA:4,(anonymous_9)
FNDA:4,(anonymous_10)
FNDA:4,(anonymous_11)
FNDA:4,(anonymous_12)
FNDA:4,(anonymous_13)
FNDA:4,(anonymous_14)
FNDA:4,(anonymous_15)
FNDA:4,(anonymous_16)
FNDA:4,(anonymous_17)
DA:1,10
DA:2,10
DA:3,10
DA:4,10
DA:18,10
DA:20,4
DA:21,4
DA:22,4
DA:23,4
DA:24,4
DA:25,4
DA:26,4
DA:29,4
DA:33,10
DA:34,4
DA:43,10
DA:44,4
LF:17
LH:17
BRDA:18,0,0,10
BRDA:18,0,1,10
BRDA:20,1,0,4
BRDA:20,1,1,1
BRDA:21,2,0,4
BRDA:21,2,1,1
BRDA:22,3,0,4
BRDA:22,3,1,1
BRDA:23,4,0,4
BRDA:23,4,1,1
BRDA:24,5,0,4
BRDA:24,5,1,1
BRDA:25,6,0,4
BRDA:25,6,1,0
BRDA:26,7,0,4
BRDA:26,7,1,0
BRDA:29,8,0,4
BRDA:29,8,1,1
BRDA:45,9,0,4
BRDA:45,9,1,2
BRF:20
BRH:18
end_of_record
TN:
SF:src/components/Atoms/Spacer.tsx
FN:9,(anonymous_2)
FN:12,(anonymous_3)
FNF:2
FNH:2
FNDA:2,(anonymous_2)
FNDA:2,(anonymous_3)
DA:1,10
DA:2,10
DA:8,10
DA:9,2
DA:12,10
LF:5
LH:5
BRDA:8,0,0,10
BRDA:8,0,1,10
BRDA:9,1,0,2
BRDA:9,1,1,2
BRF:4
BRH:4
end_of_record
TN:
SF:src/components/Atoms/UIImage.tsx
FN:11,(anonymous_2)
FN:12,(anonymous_3)
FN:15,(anonymous_4)
FNF:3
FNH:3
FNDA:2,(anonymous_2)
FNDA:2,(anonymous_3)
FNDA:2,(anonymous_4)
DA:1,10
DA:2,10
DA:10,10
DA:11,2
DA:12,2
DA:15,10
LF:6
LH:6
BRDA:10,0,0,10
BRDA:10,0,1,10
BRDA:11,1,0,2
BRDA:11,1,1,1
BRDA:12,2,0,2
BRDA:12,2,1,1
BRF:6
BRH:6
end_of_record
TN:
SF:src/components/Molecules/AVConcertCard.tsx
FN:16,(anonymous_1)
FNF:1
FNH:1
FNDA:1,(anonymous_1)
DA:1,10
DA:2,10
DA:3,10
DA:4,10
DA:5,10
DA:6,10
DA:16,10
LF:7
LH:7
BRDA:17,0,0,0
BRDA:17,0,1,1
BRF:2
BRH:1
end_of_record
TN:
SF:src/components/Molecules/GridContainer.tsx
FN:16,(anonymous_2)
FN:19,(anonymous_3)
FNF:2
FNH:2
FNDA:3,(anonymous_2)
FNDA:3,(anonymous_3)
DA:1,10
DA:2,10
DA:3,10
DA:15,10
DA:16,3
DA:19,10
LF:6
LH:6
BRDA:15,0,0,10
BRDA:15,0,1,10
BRDA:16,1,0,3
BRDA:16,1,1,0
BRF:4
BRH:3
end_of_record
TN:
SF:src/components/Organisms/TwoColumnLayout.tsx
FN:26,(anonymous_8)
FN:29,(anonymous_9)
FN:35,(anonymous_10)
FN:52,(anonymous_11)
FNF:4
FNH:2
FNDA:0,(anonymous_8)
FNDA:0,(anonymous_9)
FNDA:1,(anonymous_10)
FNDA:1,(anonymous_11)
DA:1,10
DA:2,10
DA:3,10
DA:4,10
DA:5,10
DA:6,10
DA:25,10
DA:26,0
DA:29,0
DA:33,10
DA:35,10
DA:36,1
DA:37,1
DA:38,1
DA:39,1
DA:40,1
DA:41,1
DA:42,1
DA:43,1
DA:44,1
DA:45,1
DA:46,1
DA:47,1
DA:48,1
DA:49,1
DA:51,1
DA:52,1
DA:53,1
DA:54,0
DA:56,1
DA:60,1
LF:31
LH:28
BRDA:25,0,0,10
BRDA:25,0,1,10
BRDA:26,1,0,0
BRDA:26,1,1,0
BRDA:29,2,0,0
BRDA:29,2,1,0
BRDA:33,3,0,10
BRDA:33,3,1,10
BRDA:53,4,0,0
BRDA:53,4,1,1
BRDA:64,5,0,1
BRDA:64,5,1,0
BRDA:65,6,0,1
BRDA:65,6,1,0
BRF:14
BRH:7
end_of_record
TN:
SF:src/components/utils/getFontSize.ts
FN:1,(anonymous_0)
FNF:1
FNH:1
FNDA:7,(anonymous_0)
DA:1,10
LF:1
LH:1
BRF:0
BRH:0
end_of_record
TN:
SF:src/components/utils/mediaSizes.ts
FN:24,(anonymous_0)
FNF:1
FNH:1
FNDA:1,(anonymous_0)
DA:1,10
DA:3,10
DA:13,10
DA:24,10
DA:25,1
DA:26,1
LF:6
LH:6
BRF:0
BRH:0
end_of_record
TN:
SF:src/components/utils/useWindowDimensions.ts
FN:3,(anonymous_0)
FN:11,(anonymous_1)
FN:16,(anonymous_2)
FN:17,handleResize
FN:22,(anonymous_4)
FNF:5
FNH:4
FNDA:1,(anonymous_0)
FNDA:1,(anonymous_1)
FNDA:1,(anonymous_2)
FNDA:0,handleResize
FNDA:1,(anonymous_4)
DA:1,10
DA:3,10
DA:4,2
DA:5,1
DA:11,10
DA:12,1
DA:16,1
DA:18,0
DA:21,1
DA:22,1
DA:25,1
LF:11
LH:10
BRF:0
BRH:0
end_of_record
